[2000-01-01T00:00:00Z INFO  earendil::daemon] daemon starting with fingerprint 489HfqWo5Uivgm4xdFy7s2eDMhwW
[2000-01-01T00:00:00Z DEBUG earendil::daemon::inout_route] obfsudp in_route main_udp listen start with cookie bb27ead798b27ec3384ac2cf2f374a17c02bfce420b19e8b2c5a8f898fd6384d
[2000-01-01T00:00:00Z DEBUG earendil::daemon::inout_route] obfsudp out_route neighbor trying...
[2000-01-01T00:00:01Z DEBUG earendil::daemon::gossip] skipping gossip due to no neighs
[2000-01-01T00:00:02Z DEBUG earendil::daemon::gossip] skipping gossip due to no neighs
[2000-01-01T00:00:03Z DEBUG earendil::daemon::gossip] skipping gossip due to no neighs
[2000-01-01T00:00:04Z DEBUG earendil::daemon::gossip] skipping gossip due to no neighs
[2000-01-01T00:00:05Z DEBUG earendil::daemon::gossip] skipping gossip due to no neighs
[2000-01-01T00:00:06Z DEBUG earendil::daemon::gossip] skipping gossip due to no neighs
[2000-01-01T00:00:07Z DEBUG earendil::daemon::gossip] skipping gossip due to no neighs
[2000-01-01T00:00:08Z DEBUG earendil::daemon::gossip] skipping gossip due to no neighs
[2000-01-01T00:00:09Z DEBUG earendil::daemon::gossip] skipping gossip due to no neighs
[2000-01-01T00:00:10Z DEBUG earendil::daemon::gossip] skipping gossip due to no neighs
[2000-01-01T00:00:11Z DEBUG earendil::daemon::gossip] skipping gossip due to no neighs
[2000-01-01T00:00:12Z DEBUG earendil::daemon::gossip] skipping gossip due to no neighs
[2000-01-01T00:00:13Z DEBUG earendil::daemon::gossip] skipping gossip due to no neighs
[2000-01-01T00:00:14Z DEBUG earendil::daemon::gossip] skipping gossip due to no neighs
[2000-01-01T00:00:15Z DEBUG earendil::daemon::gossip] skipping gossip due to no neighs
[2000-01-01T00:00:16Z DEBUG earendil::daemon::gossip] skipping gossip due to no neighs
[2000-01-01T00:00:17Z DEBUG earendil::daemon::gossip] skipping gossip due to no neighs
[2000-01-01T00:00:18Z DEBUG earendil::daemon::gossip] skipping gossip due to no neighs
[2000-01-01T00:00:19Z DEBUG earendil::daemon::gossip] skipping gossip due to no neighs
[2000-01-01T00:00:20Z DEBUG earendil::daemon::gossip] skipping gossip due to no neighs
[2000-01-01T00:00:21Z DEBUG earendil::daemon::gossip] skipping gossip due to no neighs
[2000-01-01T00:00:22Z DEBUG earendil::daemon::gossip] skipping gossip due to no neighs
[2000-01-01T00:00:23Z DEBUG earendil::daemon::gossip] skipping gossip due to no neighs
[2000-01-01T00:00:24Z DEBUG earendil::daemon::gossip] skipping gossip due to no neighs
[2000-01-01T00:00:25Z DEBUG earendil::daemon::gossip] skipping gossip due to no neighs
[2000-01-01T00:00:26Z DEBUG earendil::daemon::gossip] skipping gossip due to no neighs
[2000-01-01T00:00:27Z DEBUG earendil::daemon::gossip] skipping gossip due to no neighs
[2000-01-01T00:00:28Z DEBUG earendil::daemon::gossip] skipping gossip due to no neighs
[2000-01-01T00:00:29Z DEBUG earendil::daemon::gossip] skipping gossip due to no neighs
[2000-01-01T00:00:30Z DEBUG earendil::daemon::gossip] skipping gossip due to no neighs
[2000-01-01T00:00:31Z DEBUG earendil::daemon::gossip] skipping gossip due to no neighs
[2000-01-01T00:00:32Z DEBUG earendil::daemon::gossip] skipping gossip due to no neighs
[2000-01-01T00:00:33Z DEBUG earendil::daemon::gossip] skipping gossip due to no neighs
[2000-01-01T00:00:34Z DEBUG earendil::daemon::gossip] skipping gossip due to no neighs
[2000-01-01T00:00:35Z DEBUG earendil::daemon::gossip] skipping gossip due to no neighs
[2000-01-01T00:00:36Z DEBUG earendil::daemon::gossip] skipping gossip due to no neighs
[2000-01-01T00:00:37Z DEBUG earendil::daemon::gossip] skipping gossip due to no neighs
[2000-01-01T00:00:38Z DEBUG earendil::daemon::gossip] skipping gossip due to no neighs
[2000-01-01T00:00:39Z DEBUG earendil::daemon::gossip] skipping gossip due to no neighs
[2000-01-01T00:00:40Z DEBUG earendil::daemon::gossip] skipping gossip due to no neighs
[2000-01-01T00:00:41Z DEBUG earendil::daemon::gossip] skipping gossip due to no neighs
[2000-01-01T00:00:42Z DEBUG earendil::daemon::gossip] skipping gossip due to no neighs
[2000-01-01T00:00:43Z DEBUG earendil::daemon::gossip] skipping gossip due to no neighs
[2000-01-01T00:00:44Z DEBUG earendil::daemon::gossip] skipping gossip due to no neighs
[2000-01-01T00:00:45Z DEBUG earendil::daemon::gossip] skipping gossip due to no neighs
[2000-01-01T00:00:46Z DEBUG earendil::daemon::gossip] skipping gossip due to no neighs
[2000-01-01T00:00:47Z DEBUG earendil::daemon::gossip] skipping gossip due to no neighs
[2000-01-01T00:00:48Z DEBUG earendil::daemon::gossip] skipping gossip due to no neighs
[2000-01-01T00:00:49Z DEBUG earendil::daemon::gossip] skipping gossip due to no neighs
[2000-01-01T00:00:50Z DEBUG earendil::daemon::gossip] skipping gossip due to no neighs
[2000-01-01T00:00:51Z DEBUG earendil::daemon::gossip] skipping gossip due to no neighs
[2000-01-01T00:00:52Z DEBUG earendil::daemon::gossip] skipping gossip due to no neighs
[2000-01-01T00:00:53Z DEBUG earendil::daemon::gossip] skipping gossip due to no neighs
[2000-01-01T00:00:54Z DEBUG earendil::daemon::gossip] skipping gossip due to no neighs
[2000-01-01T00:00:55Z DEBUG earendil::daemon::gossip] skipping gossip due to no neighs
[2000-01-01T00:00:56Z DEBUG earendil::daemon::gossip] skipping gossip due to no neighs
[2000-01-01T00:00:57Z DEBUG earendil::daemon::gossip] skipping gossip due to no neighs
[2000-01-01T00:00:58Z DEBUG earendil::daemon::gossip] skipping gossip due to no neighs
[2000-01-01T00:00:59Z DEBUG earendil::daemon::gossip] skipping gossip due to no neighs
[2000-01-01T00:01:00Z DEBUG earendil::daemon::inout_route] obfsudp out_route neighbor trying...
[2000-01-01T00:01:00Z DEBUG earendil::daemon::gossip] skipping gossip due to no neighs
[2000-01-01T00:01:00Z DEBUG earendil::daemon::inout_route] obfsudp out_route neighbor pipe connected...
[2000-01-01T00:01:01Z DEBUG earendil::daemon::gossip] skipping gossip due to no neighs
[2000-01-01T00:01:01Z DEBUG earendil::daemon::inout_route] obfsudp out_route neighbor successful
[2000-01-01T00:01:01Z DEBUG earendil::daemon::inout_route] obfsudp out_route neighbor trying...
[2000-01-01T00:01:01Z DEBUG earendil::daemon::inout_route] obfsudp out_route neighbor pipe connected...
[2000-01-01T00:01:02Z TRACE earendil::daemon::gossip] gossiping with random neighbor 2bACMbANy7t7CMgwT2EhcidyFADK
[2000-01-01T00:01:02Z TRACE earendil::daemon::gossip] getting identity of 2bACMbANy7t7CMgwT2EhcidyFADK
[2000-01-01T00:01:02Z DEBUG earendil::daemon::inout_route] obfsudp out_route neighbor successful
[2000-01-01T00:01:03Z TRACE earendil::daemon::gossip] gossiping with random neighbor 2bACMbANy7t7CMgwT2EhcidyFADK
[2000-01-01T00:01:03Z DEBUG earendil::daemon::gossip] asking 2bACMbANy7t7CMgwT2EhcidyFADK for neighbors of 489HfqWo5Uivgm4xdFy7s2eDMhwW!
[2000-01-01T00:01:04Z TRACE earendil::daemon::gossip] gossiping with random neighbor 2bACMbANy7t7CMgwT2EhcidyFADK
[2000-01-01T00:01:04Z DEBUG earendil::daemon::gossip] asking 2bACMbANy7t7CMgwT2EhcidyFADK for neighbors of 2bACMbANy7t7CMgwT2EhcidyFADK!
[2000-01-01T00:01:05Z TRACE earendil::daemon::gossip] gossiping with random neighbor 2bACMbANy7t7CMgwT2EhcidyFADK
[2000-01-01T00:01:05Z DEBUG earendil::daemon::gossip] asking 2bACMbANy7t7CMgwT2EhcidyFADK for neighbors of 2bACMbANy7t7CMgwT2EhcidyFADK!
[2000-01-01T00:01:06Z TRACE earendil::daemon::gossip] gossiping with random neighbor 2bACMbANy7t7CMgwT2EhcidyFADK
[2000-01-01T00:01:06Z DEBUG earendil::daemon::gossip] asking 2bACMbANy7t7CMgwT2EhcidyFADK for neighbors of 2bACMbANy7t7CMgwT2EhcidyFADK!
[2000-01-01T00:01:07Z TRACE earendil::daemon::gossip] gossiping with random neighbor 2bACMbANy7t7CMgwT2EhcidyFADK
[2000-01-01T00:01:07Z DEBUG earendil::daemon::gossip] asking 2bACMbANy7t7CMgwT2EhcidyFADK for neighbors of 489HfqWo5Uivgm4xdFy7s2eDMhwW!
[2000-01-01T00:01:08Z TRACE earendil::daemon::gossip] gossiping with random neighbor 2bACMbANy7t7CMgwT2EhcidyFADK
[2000-01-01T00:01:08Z DEBUG earendil::daemon::gossip] asking 2bACMbANy7t7CMgwT2EhcidyFADK for neighbors of 2bACMbANy7t7CMgwT2EhcidyFADK!
[2000-01-01T00:01:09Z TRACE earendil::daemon::gossip] gossiping with random neighbor 2bACMbANy7t7CMgwT2EhcidyFADK
[2000-01-01T00:01:09Z DEBUG earendil::daemon::gossip] asking 2bACMbANy7t7CMgwT2EhcidyFADK for neighbors of 489HfqWo5Uivgm4xdFy7s2eDMhwW!
[2000-01-01T00:01:10Z TRACE earendil::daemon::gossip] gossiping with random neighbor 2bACMbANy7t7CMgwT2EhcidyFADK
[2000-01-01T00:01:10Z DEBUG earendil::daemon::gossip] asking 2bACMbANy7t7CMgwT2EhcidyFADK for neighbors of 489HfqWo5Uivgm4xdFy7s2eDMhwW!
[2000-01-01T00:01:11Z TRACE earendil::daemon::gossip] gossiping with random neighbor 2bACMbANy7t7CMgwT2EhcidyFADK
[2000-01-01T00:01:11Z DEBUG earendil::daemon::gossip] asking 2bACMbANy7t7CMgwT2EhcidyFADK for neighbors of 489HfqWo5Uivgm4xdFy7s2eDMhwW!
[2000-01-01T00:01:11Z DEBUG earendil::daemon::inout_route] obfsudp in_route main_udp accepted 2jZTg8pSZfAYEU4uPeT44tj6AP9G
[2000-01-01T00:01:12Z TRACE earendil::daemon::gossip] gossiping with random neighbor 2bACMbANy7t7CMgwT2EhcidyFADK
[2000-01-01T00:01:12Z DEBUG earendil::daemon::gossip] asking 2bACMbANy7t7CMgwT2EhcidyFADK for neighbors of 2bACMbANy7t7CMgwT2EhcidyFADK!
[2000-01-01T00:01:12Z WARN  earendil::daemon::n2n_connection] could not insert here: LeftIdentityNotFound
[2000-01-01T00:01:13Z TRACE earendil::daemon::gossip] gossiping with random neighbor 2jZTg8pSZfAYEU4uPeT44tj6AP9G
[2000-01-01T00:01:13Z TRACE earendil::daemon::gossip] getting identity of 2jZTg8pSZfAYEU4uPeT44tj6AP9G
[2000-01-01T00:01:13Z WARN  earendil::daemon::n2n_connection] could not insert here: LeftIdentityNotFound
[2000-01-01T00:01:13Z DEBUG earendil::daemon::gossip] asking 2jZTg8pSZfAYEU4uPeT44tj6AP9G for neighbors of 2bACMbANy7t7CMgwT2EhcidyFADK!
[2000-01-01T00:01:14Z TRACE earendil::daemon::gossip] gossiping with random neighbor 2jZTg8pSZfAYEU4uPeT44tj6AP9G
[2000-01-01T00:01:14Z DEBUG earendil::daemon::gossip] asking 2jZTg8pSZfAYEU4uPeT44tj6AP9G for neighbors of 2bACMbANy7t7CMgwT2EhcidyFADK!
[2000-01-01T00:01:15Z TRACE earendil::daemon::gossip] gossiping with random neighbor 2jZTg8pSZfAYEU4uPeT44tj6AP9G
[2000-01-01T00:01:15Z DEBUG earendil::daemon::gossip] asking 2jZTg8pSZfAYEU4uPeT44tj6AP9G for neighbors of 2jZTg8pSZfAYEU4uPeT44tj6AP9G!
[2000-01-01T00:01:16Z TRACE earendil::daemon::gossip] gossiping with random neighbor 2bACMbANy7t7CMgwT2EhcidyFADK
[2000-01-01T00:01:16Z DEBUG earendil::daemon::gossip] asking 2bACMbANy7t7CMgwT2EhcidyFADK for neighbors of 489HfqWo5Uivgm4xdFy7s2eDMhwW!
[2000-01-01T00:01:17Z TRACE earendil::daemon::gossip] gossiping with random neighbor 2bACMbANy7t7CMgwT2EhcidyFADK
[2000-01-01T00:01:17Z DEBUG earendil::daemon::gossip] asking 2bACMbANy7t7CMgwT2EhcidyFADK for neighbors of 2bACMbANy7t7CMgwT2EhcidyFADK!
[2000-01-01T00:01:18Z TRACE earendil::daemon::gossip] gossiping with random neighbor 2jZTg8pSZfAYEU4uPeT44tj6AP9G
[2000-01-01T00:01:18Z DEBUG earendil::daemon::gossip] asking 2jZTg8pSZfAYEU4uPeT44tj6AP9G for neighbors of 489HfqWo5Uivgm4xdFy7s2eDMhwW!
[2000-01-01T00:01:19Z TRACE earendil::daemon::gossip] gossiping with random neighbor 2bACMbANy7t7CMgwT2EhcidyFADK
[2000-01-01T00:01:19Z DEBUG earendil::daemon::gossip] asking 2bACMbANy7t7CMgwT2EhcidyFADK for neighbors of 489HfqWo5Uivgm4xdFy7s2eDMhwW!
[2000-01-01T00:01:20Z TRACE earendil::daemon::gossip] gossiping with random neighbor 2jZTg8pSZfAYEU4uPeT44tj6AP9G
[2000-01-01T00:01:20Z DEBUG earendil::daemon::gossip] asking 2jZTg8pSZfAYEU4uPeT44tj6AP9G for neighbors of 2bACMbANy7t7CMgwT2EhcidyFADK!
[2000-01-01T00:01:21Z TRACE earendil::daemon::gossip] gossiping with random neighbor 2bACMbANy7t7CMgwT2EhcidyFADK
[2000-01-01T00:01:21Z DEBUG earendil::daemon::gossip] asking 2bACMbANy7t7CMgwT2EhcidyFADK for neighbors of 2jZTg8pSZfAYEU4uPeT44tj6AP9G!
[2000-01-01T00:01:22Z TRACE earendil::daemon::gossip] gossiping with random neighbor 2bACMbANy7t7CMgwT2EhcidyFADK
[2000-01-01T00:01:22Z DEBUG earendil::daemon::gossip] asking 2bACMbANy7t7CMgwT2EhcidyFADK for neighbors of 2jZTg8pSZfAYEU4uPeT44tj6AP9G!
[2000-01-01T00:01:23Z TRACE earendil::daemon::gossip] gossiping with random neighbor 2bACMbANy7t7CMgwT2EhcidyFADK
[2000-01-01T00:01:23Z DEBUG earendil::daemon::gossip] asking 2bACMbANy7t7CMgwT2EhcidyFADK for neighbors of 489HfqWo5Uivgm4xdFy7s2eDMhwW!
[2000-01-01T00:01:24Z TRACE earendil::daemon::gossip] gossiping with random neighbor 2jZTg8pSZfAYEU4uPeT44tj6AP9G
[2000-01-01T00:01:24Z DEBUG earendil::daemon::gossip] asking 2jZTg8pSZfAYEU4uPeT44tj6AP9G for neighbors of 489HfqWo5Uivgm4xdFy7s2eDMhwW!
[2000-01-01T00:01:25Z TRACE earendil::daemon::gossip] gossiping with random neighbor 2jZTg8pSZfAYEU4uPeT44tj6AP9G
[2000-01-01T00:01:25Z DEBUG earendil::daemon::gossip] asking 2jZTg8pSZfAYEU4uPeT44tj6AP9G for neighbors of 2bACMbANy7t7CMgwT2EhcidyFADK!
[2000-01-01T00:01:26Z TRACE earendil::daemon::gossip] gossiping with random neighbor 2bACMbANy7t7CMgwT2EhcidyFADK
[2000-01-01T00:01:26Z DEBUG earendil::daemon::gossip] asking 2bACMbANy7t7CMgwT2EhcidyFADK for neighbors of 489HfqWo5Uivgm4xdFy7s2eDMhwW!
[2000-01-01T00:01:27Z TRACE earendil::daemon::gossip] gossiping with random neighbor 2jZTg8pSZfAYEU4uPeT44tj6AP9G
[2000-01-01T00:01:27Z DEBUG earendil::daemon::gossip] asking 2jZTg8pSZfAYEU4uPeT44tj6AP9G for neighbors of 489HfqWo5Uivgm4xdFy7s2eDMhwW!
[2000-01-01T00:01:28Z TRACE earendil::daemon::gossip] gossiping with random neighbor 2jZTg8pSZfAYEU4uPeT44tj6AP9G
[2000-01-01T00:01:28Z DEBUG earendil::daemon::gossip] asking 2jZTg8pSZfAYEU4uPeT44tj6AP9G for neighbors of 2jZTg8pSZfAYEU4uPeT44tj6AP9G!
[2000-01-01T00:01:29Z TRACE earendil::daemon::gossip] gossiping with random neighbor 2jZTg8pSZfAYEU4uPeT44tj6AP9G
[2000-01-01T00:01:29Z DEBUG earendil::daemon::gossip] asking 2jZTg8pSZfAYEU4uPeT44tj6AP9G for neighbors of 489HfqWo5Uivgm4xdFy7s2eDMhwW!
[2000-01-01T00:01:30Z TRACE earendil::daemon::gossip] gossiping with random neighbor 2jZTg8pSZfAYEU4uPeT44tj6AP9G
[2000-01-01T00:01:30Z DEBUG earendil::daemon::gossip] asking 2jZTg8pSZfAYEU4uPeT44tj6AP9G for neighbors of 489HfqWo5Uivgm4xdFy7s2eDMhwW!
[2000-01-01T00:01:31Z TRACE earendil::daemon::gossip] gossiping with random neighbor 2jZTg8pSZfAYEU4uPeT44tj6AP9G
[2000-01-01T00:01:31Z DEBUG earendil::daemon::gossip] asking 2jZTg8pSZfAYEU4uPeT44tj6AP9G for neighbors of 489HfqWo5Uivgm4xdFy7s2eDMhwW!
[2000-01-01T00:01:32Z TRACE earendil::daemon::gossip] gossiping with random neighbor 2bACMbANy7t7CMgwT2EhcidyFADK
[2000-01-01T00:01:32Z DEBUG earendil::daemon::gossip] asking 2bACMbANy7t7CMgwT2EhcidyFADK for neighbors of 489HfqWo5Uivgm4xdFy7s2eDMhwW!
[2000-01-01T00:01:33Z TRACE earendil::daemon::gossip] gossiping with random neighbor 2bACMbANy7t7CMgwT2EhcidyFADK
[2000-01-01T00:01:33Z DEBUG earendil::daemon::gossip] asking 2bACMbANy7t7CMgwT2EhcidyFADK for neighbors of 2bACMbANy7t7CMgwT2EhcidyFADK!
[2000-01-01T00:01:34Z TRACE earendil::daemon::gossip] gossiping with random neighbor 2bACMbANy7t7CMgwT2EhcidyFADK
[2000-01-01T00:01:34Z DEBUG earendil::daemon::gossip] asking 2bACMbANy7t7CMgwT2EhcidyFADK for neighbors of 489HfqWo5Uivgm4xdFy7s2eDMhwW!
[2000-01-01T00:01:35Z TRACE earendil::daemon::gossip] gossiping with random neighbor 2bACMbANy7t7CMgwT2EhcidyFADK
[2000-01-01T00:01:35Z DEBUG earendil::daemon::gossip] asking 2bACMbANy7t7CMgwT2EhcidyFADK for neighbors of 2bACMbANy7t7CMgwT2EhcidyFADK!
[2000-01-01T00:01:36Z TRACE earendil::daemon::gossip] gossiping with random neighbor 2jZTg8pSZfAYEU4uPeT44tj6AP9G
[2000-01-01T00:01:36Z DEBUG earendil::daemon::gossip] asking 2jZTg8pSZfAYEU4uPeT44tj6AP9G for neighbors of 2bACMbANy7t7CMgwT2EhcidyFADK!
[2000-01-01T00:01:37Z TRACE earendil::daemon::gossip] gossiping with random neighbor 2jZTg8pSZfAYEU4uPeT44tj6AP9G
[2000-01-01T00:01:37Z DEBUG earendil::daemon::gossip] asking 2jZTg8pSZfAYEU4uPeT44tj6AP9G for neighbors of 2bACMbANy7t7CMgwT2EhcidyFADK!
[2000-01-01T00:01:38Z TRACE earendil::daemon::gossip] gossiping with random neighbor 2bACMbANy7t7CMgwT2EhcidyFADK
[2000-01-01T00:01:38Z DEBUG earendil::daemon::gossip] asking 2bACMbANy7t7CMgwT2EhcidyFADK for neighbors of 2bACMbANy7t7CMgwT2EhcidyFADK!
[2000-01-01T00:01:39Z TRACE earendil::daemon::gossip] gossiping with random neighbor 2jZTg8pSZfAYEU4uPeT44tj6AP9G
[2000-01-01T00:01:39Z DEBUG earendil::daemon::gossip] asking 2jZTg8pSZfAYEU4uPeT44tj6AP9G for neighbors of 489HfqWo5Uivgm4xdFy7s2eDMhwW!
[2000-01-01T00:01:40Z TRACE earendil::daemon::gossip] gossiping with random neighbor 2bACMbANy7t7CMgwT2EhcidyFADK
[2000-01-01T00:01:40Z DEBUG earendil::daemon::gossip] asking 2bACMbANy7t7CMgwT2EhcidyFADK for neighbors of 2bACMbANy7t7CMgwT2EhcidyFADK!
[2000-01-01T00:01:41Z TRACE earendil::daemon::gossip] gossiping with random neighbor 2jZTg8pSZfAYEU4uPeT44tj6AP9G
[2000-01-01T00:01:41Z DEBUG earendil::daemon::gossip] asking 2jZTg8pSZfAYEU4uPeT44tj6AP9G for neighbors of 2jZTg8pSZfAYEU4uPeT44tj6AP9G!
[2000-01-01T00:01:42Z TRACE earendil::daemon::gossip] gossiping with random neighbor 2jZTg8pSZfAYEU4uPeT44tj6AP9G
[2000-01-01T00:01:42Z DEBUG earendil::daemon::gossip] asking 2jZTg8pSZfAYEU4uPeT44tj6AP9G for neighbors of 2jZTg8pSZfAYEU4uPeT44tj6AP9G!
[2000-01-01T00:01:43Z TRACE earendil::daemon::gossip] gossiping with random neighbor 2bACMbANy7t7CMgwT2EhcidyFADK
[2000-01-01T00:01:43Z DEBUG earendil::daemon::gossip] asking 2bACMbANy7t7CMgwT2EhcidyFADK for neighbors of 2jZTg8pSZfAYEU4uPeT44tj6AP9G!
[2000-01-01T00:01:44Z TRACE earendil::daemon::gossip] gossiping with random neighbor 2jZTg8pSZfAYEU4uPeT44tj6AP9G
[2000-01-01T00:01:44Z DEBUG earendil::daemon::gossip] asking 2jZTg8pSZfAYEU4uPeT44tj6AP9G for neighbors of 489HfqWo5Uivgm4xdFy7s2eDMhwW!
[2000-01-01T00:01:45Z TRACE earendil::daemon::gossip] gossiping with random neighbor 2jZTg8pSZfAYEU4uPeT44tj6AP9G
[2000-01-01T00:01:45Z DEBUG earendil::daemon::gossip] asking 2jZTg8pSZfAYEU4uPeT44tj6AP9G for neighbors of 489HfqWo5Uivgm4xdFy7s2eDMhwW!
[2000-01-01T00:01:46Z TRACE earendil::daemon::gossip] gossiping with random neighbor 2jZTg8pSZfAYEU4uPeT44tj6AP9G
[2000-01-01T00:01:46Z DEBUG earendil::daemon::gossip] asking 2jZTg8pSZfAYEU4uPeT44tj6AP9G for neighbors of 2bACMbANy7t7CMgwT2EhcidyFADK!
[2000-01-01T00:01:47Z TRACE earendil::daemon::gossip] gossiping with random neighbor 2bACMbANy7t7CMgwT2EhcidyFADK
[2000-01-01T00:01:47Z DEBUG earendil::daemon::gossip] asking 2bACMbANy7t7CMgwT2EhcidyFADK for neighbors of 2jZTg8pSZfAYEU4uPeT44tj6AP9G!
[2000-01-01T00:01:48Z TRACE earendil::daemon::gossip] gossiping with random neighbor 2bACMbANy7t7CMgwT2EhcidyFADK
[2000-01-01T00:01:48Z DEBUG earendil::daemon::gossip] asking 2bACMbANy7t7CMgwT2EhcidyFADK for neighbors of 2jZTg8pSZfAYEU4uPeT44tj6AP9G!
[2000-01-01T00:01:49Z TRACE earendil::daemon::gossip] gossiping with random neighbor 2bACMbANy7t7CMgwT2EhcidyFADK
[2000-01-01T00:01:49Z DEBUG earendil::daemon::gossip] asking 2bACMbANy7t7CMgwT2EhcidyFADK for neighbors of 2jZTg8pSZfAYEU4uPeT44tj6AP9G!
[2000-01-01T00:01:50Z TRACE earendil::daemon::gossip] gossiping with random neighbor 2bACMbANy7t7CMgwT2EhcidyFADK
[2000-01-01T00:01:50Z DEBUG earendil::daemon::gossip] asking 2bACMbANy7t7CMgwT2EhcidyFADK for neighbors of 489HfqWo5Uivgm4xdFy7s2eDMhwW!
[2000-01-01T00:01:51Z TRACE earendil::daemon::gossip] gossiping with random neighbor 2jZTg8pSZfAYEU4uPeT44tj6AP9G
[2000-01-01T00:01:51Z DEBUG earendil::daemon::gossip] asking 2jZTg8pSZfAYEU4uPeT44tj6AP9G for neighbors of 2jZTg8pSZfAYEU4uPeT44tj6AP9G!
[2000-01-01T00:01:52Z TRACE earendil::daemon::gossip] gossiping with random neighbor 2jZTg8pSZfAYEU4uPeT44tj6AP9G
[2000-01-01T00:01:52Z DEBUG earendil::daemon::gossip] asking 2jZTg8pSZfAYEU4uPeT44tj6AP9G for neighbors of 2bACMbANy7t7CMgwT2EhcidyFADK!
[2000-01-01T00:01:53Z TRACE earendil::daemon::gossip] gossiping with random neighbor 2bACMbANy7t7CMgwT2EhcidyFADK
[2000-01-01T00:01:53Z DEBUG earendil::daemon::gossip] asking 2bACMbANy7t7CMgwT2EhcidyFADK for neighbors of 489HfqWo5Uivgm4xdFy7s2eDMhwW!
[2000-01-01T00:01:54Z TRACE earendil::daemon::gossip] gossiping with random neighbor 2bACMbANy7t7CMgwT2EhcidyFADK
[2000-01-01T00:01:54Z DEBUG earendil::daemon::gossip] asking 2bACMbANy7t7CMgwT2EhcidyFADK for neighbors of 2jZTg8pSZfAYEU4uPeT44tj6AP9G!
[2000-01-01T00:01:55Z TRACE earendil::daemon::gossip] gossiping with random neighbor 2jZTg8pSZfAYEU4uPeT44tj6AP9G
[2000-01-01T00:01:55Z DEBUG earendil::daemon::gossip] asking 2jZTg8pSZfAYEU4uPeT44tj6AP9G for neighbors of 489HfqWo5Uivgm4xdFy7s2eDMhwW!
[2000-01-01T00:01:56Z TRACE earendil::daemon::gossip] gossiping with random neighbor 2jZTg8pSZfAYEU4uPeT44tj6AP9G
[2000-01-01T00:01:56Z DEBUG earendil::daemon::gossip] asking 2jZTg8pSZfAYEU4uPeT44tj6AP9G for neighbors of 2bACMbANy7t7CMgwT2EhcidyFADK!
[2000-01-01T00:01:57Z TRACE earendil::daemon::gossip] gossiping with random neighbor 2bACMbANy7t7CMgwT2EhcidyFADK
[2000-01-01T00:01:57Z DEBUG earendil::daemon::gossip] asking 2bACMbANy7t7CMgwT2EhcidyFADK for neighbors of 489HfqWo5Uivgm4xdFy7s2eDMhwW!
[2000-01-01T00:01:58Z TRACE earendil::daemon::gossip] gossiping with random neighbor 2bACMbANy7t7CMgwT2EhcidyFADK
[2000-01-01T00:01:58Z DEBUG earendil::daemon::gossip] asking 2bACMbANy7t7CMgwT2EhcidyFADK for neighbors of 2bACMbANy7t7CMgwT2EhcidyFADK!
[2000-01-01T00:01:59Z TRACE earendil::daemon::gossip] gossiping with random neighbor 2bACMbANy7t7CMgwT2EhcidyFADK
[2000-01-01T00:01:59Z DEBUG earendil::daemon::gossip] asking 2bACMbANy7t7CMgwT2EhcidyFADK for neighbors of 489HfqWo5Uivgm4xdFy7s2eDMhwW!
[2000-01-01T00:02:00Z DEBUG earendil::daemon::inout_route] obfsudp out_route neighbor trying...
[2000-01-01T00:02:00Z DEBUG earendil::daemon::inout_route] obfsudp out_route neighbor trying...
[2000-01-01T00:02:00Z TRACE earendil::daemon::gossip] gossiping with random neighbor 2jZTg8pSZfAYEU4uPeT44tj6AP9G
[2000-01-01T00:02:00Z DEBUG earendil::daemon::gossip] asking 2jZTg8pSZfAYEU4uPeT44tj6AP9G for neighbors of 489HfqWo5Uivgm4xdFy7s2eDMhwW!
[2000-01-01T00:02:00Z DEBUG earendil::daemon::inout_route] obfsudp out_route neighbor pipe connected...
[2000-01-01T00:02:01Z TRACE earendil::daemon::gossip] gossiping with random neighbor 2bACMbANy7t7CMgwT2EhcidyFADK
[2000-01-01T00:02:01Z DEBUG earendil::daemon::gossip] asking 2bACMbANy7t7CMgwT2EhcidyFADK for neighbors of 2jZTg8pSZfAYEU4uPeT44tj6AP9G!
[2000-01-01T00:02:01Z DEBUG earendil::daemon::inout_route] obfsudp out_route neighbor successful
[2000-01-01T00:02:02Z TRACE earendil::daemon::gossip] gossiping with random neighbor 2bACMbANy7t7CMgwT2EhcidyFADK
[2000-01-01T00:02:02Z DEBUG earendil::daemon::gossip] asking 2bACMbANy7t7CMgwT2EhcidyFADK for neighbors of 2bACMbANy7t7CMgwT2EhcidyFADK!
[2000-01-01T00:02:03Z TRACE earendil::daemon::gossip] gossiping with random neighbor 2bACMbANy7t7CMgwT2EhcidyFADK
[2000-01-01T00:02:03Z DEBUG earendil::daemon::gossip] asking 2bACMbANy7t7CMgwT2EhcidyFADK for neighbors of 489HfqWo5Uivgm4xdFy7s2eDMhwW!
[2000-01-01T00:02:04Z TRACE earendil::daemon::gossip] gossiping with random neighbor 2jZTg8pSZfAYEU4uPeT44tj6AP9G
[2000-01-01T00:02:04Z DEBUG earendil::daemon::gossip] asking 2jZTg8pSZfAYEU4uPeT44tj6AP9G for neighbors of 2bACMbANy7t7CMgwT2EhcidyFADK!
[2000-01-01T00:02:05Z TRACE earendil::daemon::gossip] gossiping with random neighbor 2jZTg8pSZfAYEU4uPeT44tj6AP9G
[2000-01-01T00:02:05Z DEBUG earendil::daemon::gossip] asking 2jZTg8pSZfAYEU4uPeT44tj6AP9G for neighbors of 2bACMbANy7t7CMgwT2EhcidyFADK!
[2000-01-01T00:02:06Z TRACE earendil::daemon::gossip] gossiping with random neighbor 2bACMbANy7t7CMgwT2EhcidyFADK
[2000-01-01T00:02:06Z DEBUG earendil::daemon::gossip] asking 2bACMbANy7t7CMgwT2EhcidyFADK for neighbors of 489HfqWo5Uivgm4xdFy7s2eDMhwW!
[2000-01-01T00:02:07Z TRACE earendil::daemon::gossip] gossiping with random neighbor 2bACMbANy7t7CMgwT2EhcidyFADK
[2000-01-01T00:02:07Z DEBUG earendil::daemon::gossip] asking 2bACMbANy7t7CMgwT2EhcidyFADK for neighbors of 2jZTg8pSZfAYEU4uPeT44tj6AP9G!
[2000-01-01T00:02:08Z TRACE earendil::daemon::gossip] gossiping with random neighbor 2jZTg8pSZfAYEU4uPeT44tj6AP9G
[2000-01-01T00:02:08Z DEBUG earendil::daemon::gossip] asking 2jZTg8pSZfAYEU4uPeT44tj6AP9G for neighbors of 489HfqWo5Uivgm4xdFy7s2eDMhwW!
[2000-01-01T00:02:09Z TRACE earendil::daemon::gossip] gossiping with random neighbor 2jZTg8pSZfAYEU4uPeT44tj6AP9G
[2000-01-01T00:02:09Z DEBUG earendil::daemon::gossip] asking 2jZTg8pSZfAYEU4uPeT44tj6AP9G for neighbors of 2bACMbANy7t7CMgwT2EhcidyFADK!
[2000-01-01T00:02:10Z TRACE earendil::daemon::gossip] gossiping with random neighbor 2jZTg8pSZfAYEU4uPeT44tj6AP9G
[2000-01-01T00:02:10Z DEBUG earendil::daemon::gossip] asking 2jZTg8pSZfAYEU4uPeT44tj6AP9G for neighbors of 2jZTg8pSZfAYEU4uPeT44tj6AP9G!
[2000-01-01T00:02:11Z TRACE earendil::daemon::gossip] gossiping with random neighbor 2jZTg8pSZfAYEU4uPeT44tj6AP9G
[2000-01-01T00:02:11Z DEBUG earendil::daemon::gossip] asking 2jZTg8pSZfAYEU4uPeT44tj6AP9G for neighbors of 489HfqWo5Uivgm4xdFy7s2eDMhwW!
[2000-01-01T00:02:11Z DEBUG earendil::daemon::inout_route] obfsudp in_route main_udp accepted 2jZTg8pSZfAYEU4uPeT44tj6AP9G
[2000-01-01T00:02:12Z TRACE earendil::daemon::gossip] gossiping with random neighbor 2bACMbANy7t7CMgwT2EhcidyFADK
[2000-01-01T00:02:12Z DEBUG earendil::daemon::gossip] asking 2bACMbANy7t7CMgwT2EhcidyFADK for neighbors of 489HfqWo5Uivgm4xdFy7s2eDMhwW!
[2000-01-01T00:02:13Z TRACE earendil::daemon::gossip] gossiping with random neighbor 2jZTg8pSZfAYEU4uPeT44tj6AP9G
[2000-01-01T00:02:13Z DEBUG earendil::daemon::gossip] asking 2jZTg8pSZfAYEU4uPeT44tj6AP9G for neighbors of 2bACMbANy7t7CMgwT2EhcidyFADK!
[2000-01-01T00:02:14Z TRACE earendil::daemon::gossip] gossiping with random neighbor 2jZTg8pSZfAYEU4uPeT44tj6AP9G
[2000-01-01T00:02:14Z DEBUG earendil::daemon::gossip] asking 2jZTg8pSZfAYEU4uPeT44tj6AP9G for neighbors of 489HfqWo5Uivgm4xdFy7s2eDMhwW!
[2000-01-01T00:02:15Z TRACE earendil::daemon::gossip] gossiping with random neighbor 2jZTg8pSZfAYEU4uPeT44tj6AP9G
[2000-01-01T00:02:15Z DEBUG earendil::daemon::gossip] asking 2jZTg8pSZfAYEU4uPeT44tj6AP9G for neighbors of 2jZTg8pSZfAYEU4uPeT44tj6AP9G!
[2000-01-01T00:02:16Z TRACE earendil::daemon::gossip] gossiping with random neighbor 2bACMbANy7t7CMgwT2EhcidyFADK
[2000-01-01T00:02:16Z DEBUG earendil::daemon::gossip] asking 2bACMbANy7t7CMgwT2EhcidyFADK for neighbors of 2bACMbANy7t7CMgwT2EhcidyFADK!
[2000-01-01T00:02:17Z TRACE earendil::daemon::gossip] gossiping with random neighbor 2bACMbANy7t7CMgwT2EhcidyFADK
[2000-01-01T00:02:17Z DEBUG earendil::daemon::gossip] asking 2bACMbANy7t7CMgwT2EhcidyFADK for neighbors of 489HfqWo5Uivgm4xdFy7s2eDMhwW!
[2000-01-01T00:02:18Z TRACE earendil::daemon::gossip] gossiping with random neighbor 2jZTg8pSZfAYEU4uPeT44tj6AP9G
[2000-01-01T00:02:18Z DEBUG earendil::daemon::gossip] asking 2jZTg8pSZfAYEU4uPeT44tj6AP9G for neighbors of 2bACMbANy7t7CMgwT2EhcidyFADK!
[2000-01-01T00:02:19Z TRACE earendil::daemon::gossip] gossiping with random neighbor 2bACMbANy7t7CMgwT2EhcidyFADK
[2000-01-01T00:02:19Z DEBUG earendil::daemon::gossip] asking 2bACMbANy7t7CMgwT2EhcidyFADK for neighbors of 489HfqWo5Uivgm4xdFy7s2eDMhwW!
[2000-01-01T00:02:20Z TRACE earendil::daemon::gossip] gossiping with random neighbor 2jZTg8pSZfAYEU4uPeT44tj6AP9G
[2000-01-01T00:02:20Z DEBUG earendil::daemon::gossip] asking 2jZTg8pSZfAYEU4uPeT44tj6AP9G for neighbors of 2jZTg8pSZfAYEU4uPeT44tj6AP9G!
[2000-01-01T00:02:21Z TRACE earendil::daemon::gossip] gossiping with random neighbor 2jZTg8pSZfAYEU4uPeT44tj6AP9G
[2000-01-01T00:02:21Z DEBUG earendil::daemon::gossip] asking 2jZTg8pSZfAYEU4uPeT44tj6AP9G for neighbors of 2jZTg8pSZfAYEU4uPeT44tj6AP9G!
[2000-01-01T00:02:22Z TRACE earendil::daemon::gossip] gossiping with random neighbor 2jZTg8pSZfAYEU4uPeT44tj6AP9G
[2000-01-01T00:02:22Z DEBUG earendil::daemon::gossip] asking 2jZTg8pSZfAYEU4uPeT44tj6AP9G for neighbors of 489HfqWo5Uivgm4xdFy7s2eDMhwW!
[2000-01-01T00:02:23Z TRACE earendil::daemon::gossip] gossiping with random neighbor 2bACMbANy7t7CMgwT2EhcidyFADK
[2000-01-01T00:02:23Z DEBUG earendil::daemon::gossip] asking 2bACMbANy7t7CMgwT2EhcidyFADK for neighbors of 2bACMbANy7t7CMgwT2EhcidyFADK!
[2000-01-01T00:02:24Z TRACE earendil::daemon::gossip] gossiping with random neighbor 2bACMbANy7t7CMgwT2EhcidyFADK
[2000-01-01T00:02:24Z DEBUG earendil::daemon::gossip] asking 2bACMbANy7t7CMgwT2EhcidyFADK for neighbors of 2bACMbANy7t7CMgwT2EhcidyFADK!
[2000-01-01T00:02:25Z TRACE earendil::daemon::gossip] gossiping with random neighbor 2jZTg8pSZfAYEU4uPeT44tj6AP9G
[2000-01-01T00:02:25Z DEBUG earendil::daemon::gossip] asking 2jZTg8pSZfAYEU4uPeT44tj6AP9G for neighbors of 489HfqWo5Uivgm4xdFy7s2eDMhwW!
[2000-01-01T00:02:26Z TRACE earendil::daemon::gossip] gossiping with random neighbor 2jZTg8pSZfAYEU4uPeT44tj6AP9G
[2000-01-01T00:02:26Z DEBUG earendil::daemon::gossip] asking 2jZTg8pSZfAYEU4uPeT44tj6AP9G for neighbors of 2jZTg8pSZfAYEU4uPeT44tj6AP9G!
[2000-01-01T00:02:27Z TRACE earendil::daemon::gossip] gossiping with random neighbor 2jZTg8pSZfAYEU4uPeT44tj6AP9G
[2000-01-01T00:02:27Z DEBUG earendil::daemon::gossip] asking 2jZTg8pSZfAYEU4uPeT44tj6AP9G for neighbors of 2jZTg8pSZfAYEU4uPeT44tj6AP9G!
[2000-01-01T00:02:28Z TRACE earendil::daemon::gossip] gossiping with random neighbor 2bACMbANy7t7CMgwT2EhcidyFADK
[2000-01-01T00:02:28Z DEBUG earendil::daemon::gossip] asking 2bACMbANy7t7CMgwT2EhcidyFADK for neighbors of 2bACMbANy7t7CMgwT2EhcidyFADK!
[2000-01-01T00:02:29Z TRACE earendil::daemon::gossip] gossiping with random neighbor 2bACMbANy7t7CMgwT2EhcidyFADK
[2000-01-01T00:02:29Z DEBUG earendil::daemon::gossip] asking 2bACMbANy7t7CMgwT2EhcidyFADK for neighbors of 489HfqWo5Uivgm4xdFy7s2eDMhwW!
[2000-01-01T00:02:30Z TRACE earendil::daemon::gossip] gossiping with random neighbor 2bACMbANy7t7CMgwT2EhcidyFADK
[2000-01-01T00:02:30Z DEBUG earendil::daemon::gossip] asking 2bACMbANy7t7CMgwT2EhcidyFADK for neighbors of 2bACMbANy7t7CMgwT2EhcidyFADK!
[2000-01-01T00:02:31Z TRACE earendil::daemon::gossip] gossiping with random neighbor 2bACMbANy7t7CMgwT2EhcidyFADK
[2000-01-01T00:02:31Z DEBUG earendil::daemon::gossip] asking 2bACMbANy7t7CMgwT2EhcidyFADK for neighbors of 2bACMbANy7t7CMgwT2EhcidyFADK!
[2000-01-01T00:02:32Z TRACE earendil::daemon::gossip] gossiping with random neighbor 2jZTg8pSZfAYEU4uPeT44tj6AP9G
[2000-01-01T00:02:32Z DEBUG earendil::daemon::gossip] asking 2jZTg8pSZfAYEU4uPeT44tj6AP9G for neighbors of 489HfqWo5Uivgm4xdFy7s2eDMhwW!
[2000-01-01T00:02:33Z TRACE earendil::daemon::gossip] gossiping with random neighbor 2jZTg8pSZfAYEU4uPeT44tj6AP9G
[2000-01-01T00:02:33Z DEBUG earendil::daemon::gossip] asking 2jZTg8pSZfAYEU4uPeT44tj6AP9G for neighbors of 489HfqWo5Uivgm4xdFy7s2eDMhwW!
[2000-01-01T00:02:34Z TRACE earendil::daemon::gossip] gossiping with random neighbor 2bACMbANy7t7CMgwT2EhcidyFADK
[2000-01-01T00:02:34Z DEBUG earendil::daemon::gossip] asking 2bACMbANy7t7CMgwT2EhcidyFADK for neighbors of 489HfqWo5Uivgm4xdFy7s2eDMhwW!
[2000-01-01T00:02:35Z TRACE earendil::daemon::gossip] gossiping with random neighbor 2bACMbANy7t7CMgwT2EhcidyFADK
[2000-01-01T00:02:35Z DEBUG earendil::daemon::gossip] asking 2bACMbANy7t7CMgwT2EhcidyFADK for neighbors of 489HfqWo5Uivgm4xdFy7s2eDMhwW!
[2000-01-01T00:02:36Z TRACE earendil::daemon::gossip] gossiping with random neighbor 2bACMbANy7t7CMgwT2EhcidyFADK
[2000-01-01T00:02:36Z DEBUG earendil::daemon::gossip] asking 2bACMbANy7t7CMgwT2EhcidyFADK for neighbors of 2jZTg8pSZfAYEU4uPeT44tj6AP9G!
[2000-01-01T00:02:37Z TRACE earendil::daemon::gossip] gossiping with random neighbor 2jZTg8pSZfAYEU4uPeT44tj6AP9G
[2000-01-01T00:02:37Z DEBUG earendil::daemon::gossip] asking 2jZTg8pSZfAYEU4uPeT44tj6AP9G for neighbors of 2bACMbANy7t7CMgwT2EhcidyFADK!
[2000-01-01T00:02:38Z TRACE earendil::daemon::gossip] gossiping with random neighbor 2bACMbANy7t7CMgwT2EhcidyFADK
[2000-01-01T00:02:38Z DEBUG earendil::daemon::gossip] asking 2bACMbANy7t7CMgwT2EhcidyFADK for neighbors of 489HfqWo5Uivgm4xdFy7s2eDMhwW!
[2000-01-01T00:02:39Z TRACE earendil::daemon::gossip] gossiping with random neighbor 2bACMbANy7t7CMgwT2EhcidyFADK
[2000-01-01T00:02:39Z DEBUG earendil::daemon::gossip] asking 2bACMbANy7t7CMgwT2EhcidyFADK for neighbors of 2jZTg8pSZfAYEU4uPeT44tj6AP9G!
[2000-01-01T00:02:40Z TRACE earendil::daemon::gossip] gossiping with random neighbor 2bACMbANy7t7CMgwT2EhcidyFADK
[2000-01-01T00:02:40Z DEBUG earendil::daemon::gossip] asking 2bACMbANy7t7CMgwT2EhcidyFADK for neighbors of 2bACMbANy7t7CMgwT2EhcidyFADK!
[2000-01-01T00:02:41Z TRACE earendil::daemon::gossip] gossiping with random neighbor 2bACMbANy7t7CMgwT2EhcidyFADK
[2000-01-01T00:02:41Z DEBUG earendil::daemon::gossip] asking 2bACMbANy7t7CMgwT2EhcidyFADK for neighbors of 489HfqWo5Uivgm4xdFy7s2eDMhwW!
[2000-01-01T00:02:42Z TRACE earendil::daemon::gossip] gossiping with random neighbor 2jZTg8pSZfAYEU4uPeT44tj6AP9G
[2000-01-01T00:02:42Z DEBUG earendil::daemon::gossip] asking 2jZTg8pSZfAYEU4uPeT44tj6AP9G for neighbors of 2jZTg8pSZfAYEU4uPeT44tj6AP9G!
[2000-01-01T00:02:43Z TRACE earendil::daemon::gossip] gossiping with random neighbor 2jZTg8pSZfAYEU4uPeT44tj6AP9G
[2000-01-01T00:02:43Z DEBUG earendil::daemon::gossip] asking 2jZTg8pSZfAYEU4uPeT44tj6AP9G for neighbors of 2jZTg8pSZfAYEU4uPeT44tj6AP9G!
[2000-01-01T00:02:44Z TRACE earendil::daemon::gossip] gossiping with random neighbor 2jZTg8pSZfAYEU4uPeT44tj6AP9G
[2000-01-01T00:02:44Z DEBUG earendil::daemon::gossip] asking 2jZTg8pSZfAYEU4uPeT44tj6AP9G for neighbors of 2bACMbANy7t7CMgwT2EhcidyFADK!
[2000-01-01T00:02:45Z TRACE earendil::daemon::gossip] gossiping with random neighbor 2bACMbANy7t7CMgwT2EhcidyFADK
[2000-01-01T00:02:45Z DEBUG earendil::daemon::gossip] asking 2bACMbANy7t7CMgwT2EhcidyFADK for neighbors of 2bACMbANy7t7CMgwT2EhcidyFADK!
[2000-01-01T00:02:46Z TRACE earendil::daemon::gossip] gossiping with random neighbor 2jZTg8pSZfAYEU4uPeT44tj6AP9G
[2000-01-01T00:02:46Z DEBUG earendil::daemon::gossip] asking 2jZTg8pSZfAYEU4uPeT44tj6AP9G for neighbors of 2bACMbANy7t7CMgwT2EhcidyFADK!
[2000-01-01T00:02:47Z TRACE earendil::daemon::gossip] gossiping with random neighbor 2bACMbANy7t7CMgwT2EhcidyFADK
[2000-01-01T00:02:47Z DEBUG earendil::daemon::gossip] asking 2bACMbANy7t7CMgwT2EhcidyFADK for neighbors of 489HfqWo5Uivgm4xdFy7s2eDMhwW!
[2000-01-01T00:02:48Z TRACE earendil::daemon::gossip] gossiping with random neighbor 2jZTg8pSZfAYEU4uPeT44tj6AP9G
[2000-01-01T00:02:48Z DEBUG earendil::daemon::gossip] asking 2jZTg8pSZfAYEU4uPeT44tj6AP9G for neighbors of 489HfqWo5Uivgm4xdFy7s2eDMhwW!
[2000-01-01T00:02:49Z TRACE earendil::daemon::gossip] gossiping with random neighbor 2jZTg8pSZfAYEU4uPeT44tj6AP9G
[2000-01-01T00:02:49Z DEBUG earendil::daemon::gossip] asking 2jZTg8pSZfAYEU4uPeT44tj6AP9G for neighbors of 2bACMbANy7t7CMgwT2EhcidyFADK!
[2000-01-01T00:02:50Z TRACE earendil::daemon::gossip] gossiping with random neighbor 2bACMbANy7t7CMgwT2EhcidyFADK
[2000-01-01T00:02:50Z DEBUG earendil::daemon::gossip] asking 2bACMbANy7t7CMgwT2EhcidyFADK for neighbors of 489HfqWo5Uivgm4xdFy7s2eDMhwW!
[2000-01-01T00:02:51Z TRACE earendil::daemon::gossip] gossiping with random neighbor 2bACMbANy7t7CMgwT2EhcidyFADK
[2000-01-01T00:02:51Z DEBUG earendil::daemon::gossip] asking 2bACMbANy7t7CMgwT2EhcidyFADK for neighbors of 489HfqWo5Uivgm4xdFy7s2eDMhwW!
[2000-01-01T00:02:52Z TRACE earendil::daemon::gossip] gossiping with random neighbor 2jZTg8pSZfAYEU4uPeT44tj6AP9G
[2000-01-01T00:02:52Z DEBUG earendil::daemon::gossip] asking 2jZTg8pSZfAYEU4uPeT44tj6AP9G for neighbors of 2jZTg8pSZfAYEU4uPeT44tj6AP9G!
[2000-01-01T00:02:53Z TRACE earendil::daemon::gossip] gossiping with random neighbor 2bACMbANy7t7CMgwT2EhcidyFADK
[2000-01-01T00:02:53Z DEBUG earendil::daemon::gossip] asking 2bACMbANy7t7CMgwT2EhcidyFADK for neighbors of 2bACMbANy7t7CMgwT2EhcidyFADK!
[2000-01-01T00:02:54Z TRACE earendil::daemon::gossip] gossiping with random neighbor 2jZTg8pSZfAYEU4uPeT44tj6AP9G
[2000-01-01T00:02:54Z DEBUG earendil::daemon::gossip] asking 2jZTg8pSZfAYEU4uPeT44tj6AP9G for neighbors of 2jZTg8pSZfAYEU4uPeT44tj6AP9G!
[2000-01-01T00:02:55Z TRACE earendil::daemon::gossip] gossiping with random neighbor 2jZTg8pSZfAYEU4uPeT44tj6AP9G
[2000-01-01T00:02:55Z DEBUG earendil::daemon::gossip] asking 2jZTg8pSZfAYEU4uPeT44tj6AP9G for neighbors of 2bACMbANy7t7CMgwT2EhcidyFADK!
[2000-01-01T00:02:56Z TRACE earendil::daemon::gossip] gossiping with random neighbor 2bACMbANy7t7CMgwT2EhcidyFADK
[2000-01-01T00:02:56Z DEBUG earendil::daemon::gossip] asking 2bACMbANy7t7CMgwT2EhcidyFADK for neighbors of 489HfqWo5Uivgm4xdFy7s2eDMhwW!
[2000-01-01T00:02:57Z TRACE earendil::daemon::gossip] gossiping with random neighbor 2jZTg8pSZfAYEU4uPeT44tj6AP9G
[2000-01-01T00:02:57Z DEBUG earendil::daemon::gossip] asking 2jZTg8pSZfAYEU4uPeT44tj6AP9G for neighbors of 489HfqWo5Uivgm4xdFy7s2eDMhwW!
[2000-01-01T00:02:58Z TRACE earendil::daemon::gossip] gossiping with random neighbor 2jZTg8pSZfAYEU4uPeT44tj6AP9G
[2000-01-01T00:02:58Z DEBUG earendil::daemon::gossip] asking 2jZTg8pSZfAYEU4uPeT44tj6AP9G for neighbors of 2bACMbANy7t7CMgwT2EhcidyFADK!
[2000-01-01T00:02:59Z TRACE earendil::daemon::gossip] gossiping with random neighbor 2jZTg8pSZfAYEU4uPeT44tj6AP9G
[2000-01-01T00:02:59Z DEBUG earendil::daemon::gossip] asking 2jZTg8pSZfAYEU4uPeT44tj6AP9G for neighbors of 489HfqWo5Uivgm4xdFy7s2eDMhwW!
[2000-01-01T00:03:00Z DEBUG earendil::daemon::inout_route] obfsudp out_route neighbor trying...
[2000-01-01T00:03:00Z DEBUG earendil::daemon::inout_route] obfsudp out_route neighbor trying...
[2000-01-01T00:03:00Z TRACE earendil::daemon::gossip] gossiping with random neighbor 2jZTg8pSZfAYEU4uPeT44tj6AP9G
[2000-01-01T00:03:00Z DEBUG earendil::daemon::gossip] asking 2jZTg8pSZfAYEU4uPeT44tj6AP9G for neighbors of 2jZTg8pSZfAYEU4uPeT44tj6AP9G!
[2000-01-01T00:03:00Z DEBUG earendil::daemon::inout_route] obfsudp out_route neighbor pipe connected...
[2000-01-01T00:03:01Z TRACE earendil::daemon::gossip] gossiping with random neighbor 2bACMbANy7t7CMgwT2EhcidyFADK
[2000-01-01T00:03:01Z DEBUG earendil::daemon::gossip] asking 2bACMbANy7t7CMgwT2EhcidyFADK for neighbors of 2bACMbANy7t7CMgwT2EhcidyFADK!
[2000-01-01T00:03:01Z DEBUG earendil::daemon::inout_route] obfsudp out_route neighbor successful
[2000-01-01T00:03:02Z TRACE earendil::daemon::gossip] gossiping with random neighbor 2bACMbANy7t7CMgwT2EhcidyFADK
[2000-01-01T00:03:02Z DEBUG earendil::daemon::gossip] asking 2bACMbANy7t7CMgwT2EhcidyFADK for neighbors of 489HfqWo5Uivgm4xdFy7s2eDMhwW!
[2000-01-01T00:03:03Z TRACE earendil::daemon::gossip] gossiping with random neighbor 2bACMbANy7t7CMgwT2EhcidyFADK
[2000-01-01T00:03:03Z DEBUG earendil::daemon::gossip] asking 2bACMbANy7t7CMgwT2EhcidyFADK for neighbors of 489HfqWo5Uivgm4xdFy7s2eDMhwW!
[2000-01-01T00:03:04Z TRACE earendil::daemon::gossip] gossiping with random neighbor 2bACMbANy7t7CMgwT2EhcidyFADK
[2000-01-01T00:03:04Z DEBUG earendil::daemon::gossip] asking 2bACMbANy7t7CMgwT2EhcidyFADK for neighbors of 2jZTg8pSZfAYEU4uPeT44tj6AP9G!
[2000-01-01T00:03:05Z TRACE earendil::daemon::gossip] gossiping with random neighbor 2bACMbANy7t7CMgwT2EhcidyFADK
[2000-01-01T00:03:05Z DEBUG earendil::daemon::gossip] asking 2bACMbANy7t7CMgwT2EhcidyFADK for neighbors of 489HfqWo5Uivgm4xdFy7s2eDMhwW!
[2000-01-01T00:03:06Z TRACE earendil::daemon::gossip] gossiping with random neighbor 2jZTg8pSZfAYEU4uPeT44tj6AP9G
[2000-01-01T00:03:06Z DEBUG earendil::daemon::gossip] asking 2jZTg8pSZfAYEU4uPeT44tj6AP9G for neighbors of 489HfqWo5Uivgm4xdFy7s2eDMhwW!
[2000-01-01T00:03:07Z TRACE earendil::daemon::gossip] gossiping with random neighbor 2jZTg8pSZfAYEU4uPeT44tj6AP9G
[2000-01-01T00:03:07Z DEBUG earendil::daemon::gossip] asking 2jZTg8pSZfAYEU4uPeT44tj6AP9G for neighbors of 2jZTg8pSZfAYEU4uPeT44tj6AP9G!
[2000-01-01T00:03:08Z TRACE earendil::daemon::gossip] gossiping with random neighbor 2jZTg8pSZfAYEU4uPeT44tj6AP9G
[2000-01-01T00:03:08Z DEBUG earendil::daemon::gossip] asking 2jZTg8pSZfAYEU4uPeT44tj6AP9G for neighbors of 2bACMbANy7t7CMgwT2EhcidyFADK!
[2000-01-01T00:03:09Z TRACE earendil::daemon::gossip] gossiping with random neighbor 2bACMbANy7t7CMgwT2EhcidyFADK
[2000-01-01T00:03:09Z DEBUG earendil::daemon::gossip] asking 2bACMbANy7t7CMgwT2EhcidyFADK for neighbors of 489HfqWo5Uivgm4xdFy7s2eDMhwW!
[2000-01-01T00:03:10Z TRACE earendil::daemon::gossip] gossiping with random neighbor 2bACMbANy7t7CMgwT2EhcidyFADK
[2000-01-01T00:03:10Z DEBUG earendil::daemon::gossip] asking 2bACMbANy7t7CMgwT2EhcidyFADK for neighbors of 2bACMbANy7t7CMgwT2EhcidyFADK!
[2000-01-01T00:03:11Z TRACE earendil::daemon::gossip] gossiping with random neighbor 2jZTg8pSZfAYEU4uPeT44tj6AP9G
[2000-01-01T00:03:11Z DEBUG earendil::daemon::gossip] asking 2jZTg8pSZfAYEU4uPeT44tj6AP9G for neighbors of 489HfqWo5Uivgm4xdFy7s2eDMhwW!
[2000-01-01T00:03:11Z DEBUG earendil::daemon::inout_route] obfsudp in_route main_udp accepted 2jZTg8pSZfAYEU4uPeT44tj6AP9G
[2000-01-01T00:03:12Z TRACE earendil::daemon::gossip] gossiping with random neighbor 2jZTg8pSZfAYEU4uPeT44tj6AP9G
[2000-01-01T00:03:12Z DEBUG earendil::daemon::gossip] asking 2jZTg8pSZfAYEU4uPeT44tj6AP9G for neighbors of 489HfqWo5Uivgm4xdFy7s2eDMhwW!
[2000-01-01T00:03:13Z TRACE earendil::daemon::gossip] gossiping with random neighbor 2jZTg8pSZfAYEU4uPeT44tj6AP9G
[2000-01-01T00:03:13Z DEBUG earendil::daemon::gossip] asking 2jZTg8pSZfAYEU4uPeT44tj6AP9G for neighbors of 489HfqWo5Uivgm4xdFy7s2eDMhwW!
[2000-01-01T00:03:14Z TRACE earendil::daemon::gossip] gossiping with random neighbor 2bACMbANy7t7CMgwT2EhcidyFADK
[2000-01-01T00:03:14Z DEBUG earendil::daemon::gossip] asking 2bACMbANy7t7CMgwT2EhcidyFADK for neighbors of 489HfqWo5Uivgm4xdFy7s2eDMhwW!
[2000-01-01T00:03:15Z TRACE earendil::daemon::gossip] gossiping with random neighbor 2jZTg8pSZfAYEU4uPeT44tj6AP9G
[2000-01-01T00:03:15Z DEBUG earendil::daemon::gossip] asking 2jZTg8pSZfAYEU4uPeT44tj6AP9G for neighbors of 2jZTg8pSZfAYEU4uPeT44tj6AP9G!
[2000-01-01T00:03:16Z TRACE earendil::daemon::gossip] gossiping with random neighbor 2jZTg8pSZfAYEU4uPeT44tj6AP9G
[2000-01-01T00:03:16Z DEBUG earendil::daemon::gossip] asking 2jZTg8pSZfAYEU4uPeT44tj6AP9G for neighbors of 2bACMbANy7t7CMgwT2EhcidyFADK!
[2000-01-01T00:03:17Z TRACE earendil::daemon::gossip] gossiping with random neighbor 2jZTg8pSZfAYEU4uPeT44tj6AP9G
[2000-01-01T00:03:17Z DEBUG earendil::daemon::gossip] asking 2jZTg8pSZfAYEU4uPeT44tj6AP9G for neighbors of 2jZTg8pSZfAYEU4uPeT44tj6AP9G!
[2000-01-01T00:03:18Z TRACE earendil::daemon::gossip] gossiping with random neighbor 2bACMbANy7t7CMgwT2EhcidyFADK
[2000-01-01T00:03:18Z DEBUG earendil::daemon::gossip] asking 2bACMbANy7t7CMgwT2EhcidyFADK for neighbors of 2bACMbANy7t7CMgwT2EhcidyFADK!
[2000-01-01T00:03:19Z TRACE earendil::daemon::gossip] gossiping with random neighbor 2jZTg8pSZfAYEU4uPeT44tj6AP9G
[2000-01-01T00:03:19Z DEBUG earendil::daemon::gossip] asking 2jZTg8pSZfAYEU4uPeT44tj6AP9G for neighbors of 489HfqWo5Uivgm4xdFy7s2eDMhwW!
[2000-01-01T00:03:20Z TRACE earendil::daemon::gossip] gossiping with random neighbor 2bACMbANy7t7CMgwT2EhcidyFADK
[2000-01-01T00:03:20Z DEBUG earendil::daemon::gossip] asking 2bACMbANy7t7CMgwT2EhcidyFADK for neighbors of 489HfqWo5Uivgm4xdFy7s2eDMhwW!
[2000-01-01T00:03:20Z DEBUG earendil::daemon] received raw packet
[2000-01-01T00:03:20Z DEBUG earendil::daemon] peeled packet!
[2000-01-01T00:03:21Z TRACE earendil::daemon::gossip] gossiping with random neighbor 2jZTg8pSZfAYEU4uPeT44tj6AP9G
[2000-01-01T00:03:21Z DEBUG earendil::daemon::gossip] asking 2jZTg8pSZfAYEU4uPeT44tj6AP9G for neighbors of 489HfqWo5Uivgm4xdFy7s2eDMhwW!
[2000-01-01T00:03:22Z TRACE earendil::daemon::gossip] gossiping with random neighbor 2jZTg8pSZfAYEU4uPeT44tj6AP9G
[2000-01-01T00:03:22Z DEBUG earendil::daemon::gossip] asking 2jZTg8pSZfAYEU4uPeT44tj6AP9G for neighbors of 489HfqWo5Uivgm4xdFy7s2eDMhwW!
[2000-01-01T00:03:23Z TRACE earendil::daemon::gossip] gossiping with random neighbor 2bACMbANy7t7CMgwT2EhcidyFADK
[2000-01-01T00:03:23Z DEBUG earendil::daemon::gossip] asking 2bACMbANy7t7CMgwT2EhcidyFADK for neighbors of 489HfqWo5Uivgm4xdFy7s2eDMhwW!
[2000-01-01T00:03:24Z TRACE earendil::daemon::gossip] gossiping with random neighbor 2jZTg8pSZfAYEU4uPeT44tj6AP9G
[2000-01-01T00:03:24Z DEBUG earendil::daemon::gossip] asking 2jZTg8pSZfAYEU4uPeT44tj6AP9G for neighbors of 2bACMbANy7t7CMgwT2EhcidyFADK!
[2000-01-01T00:03:25Z TRACE earendil::daemon::gossip] gossiping with random neighbor 2jZTg8pSZfAYEU4uPeT44tj6AP9G
[2000-01-01T00:03:25Z DEBUG earendil::daemon::gossip] asking 2jZTg8pSZfAYEU4uPeT44tj6AP9G for neighbors of 489HfqWo5Uivgm4xdFy7s2eDMhwW!
[2000-01-01T00:03:26Z TRACE earendil::daemon::gossip] gossiping with random neighbor 2jZTg8pSZfAYEU4uPeT44tj6AP9G
[2000-01-01T00:03:26Z DEBUG earendil::daemon::gossip] asking 2jZTg8pSZfAYEU4uPeT44tj6AP9G for neighbors of 2bACMbANy7t7CMgwT2EhcidyFADK!
[2000-01-01T00:03:27Z TRACE earendil::daemon::gossip] gossiping with random neighbor 2bACMbANy7t7CMgwT2EhcidyFADK
[2000-01-01T00:03:27Z DEBUG earendil::daemon::gossip] asking 2bACMbANy7t7CMgwT2EhcidyFADK for neighbors of 2bACMbANy7t7CMgwT2EhcidyFADK!
[2000-01-01T00:03:28Z TRACE earendil::daemon::gossip] gossiping with random neighbor 2bACMbANy7t7CMgwT2EhcidyFADK
[2000-01-01T00:03:28Z DEBUG earendil::daemon::gossip] asking 2bACMbANy7t7CMgwT2EhcidyFADK for neighbors of 2jZTg8pSZfAYEU4uPeT44tj6AP9G!
[2000-01-01T00:03:29Z TRACE earendil::daemon::gossip] gossiping with random neighbor 2jZTg8pSZfAYEU4uPeT44tj6AP9G
[2000-01-01T00:03:29Z DEBUG earendil::daemon::gossip] asking 2jZTg8pSZfAYEU4uPeT44tj6AP9G for neighbors of 489HfqWo5Uivgm4xdFy7s2eDMhwW!
[2000-01-01T00:03:30Z TRACE earendil::daemon::gossip] gossiping with random neighbor 2jZTg8pSZfAYEU4uPeT44tj6AP9G
[2000-01-01T00:03:30Z DEBUG earendil::daemon::gossip] asking 2jZTg8pSZfAYEU4uPeT44tj6AP9G for neighbors of 489HfqWo5Uivgm4xdFy7s2eDMhwW!
[2000-01-01T00:03:31Z TRACE earendil::daemon::gossip] gossiping with random neighbor 2jZTg8pSZfAYEU4uPeT44tj6AP9G
[2000-01-01T00:03:31Z DEBUG earendil::daemon::gossip] asking 2jZTg8pSZfAYEU4uPeT44tj6AP9G for neighbors of 2bACMbANy7t7CMgwT2EhcidyFADK!
[2000-01-01T00:03:32Z TRACE earendil::daemon::gossip] gossiping with random neighbor 2bACMbANy7t7CMgwT2EhcidyFADK
[2000-01-01T00:03:32Z DEBUG earendil::daemon::gossip] asking 2bACMbANy7t7CMgwT2EhcidyFADK for neighbors of 489HfqWo5Uivgm4xdFy7s2eDMhwW!
[2000-01-01T00:03:33Z TRACE earendil::daemon::gossip] gossiping with random neighbor 2bACMbANy7t7CMgwT2EhcidyFADK
[2000-01-01T00:03:33Z DEBUG earendil::daemon::gossip] asking 2bACMbANy7t7CMgwT2EhcidyFADK for neighbors of 2jZTg8pSZfAYEU4uPeT44tj6AP9G!
[2000-01-01T00:03:34Z TRACE earendil::daemon::gossip] gossiping with random neighbor 2bACMbANy7t7CMgwT2EhcidyFADK
[2000-01-01T00:03:34Z DEBUG earendil::daemon::gossip] asking 2bACMbANy7t7CMgwT2EhcidyFADK for neighbors of 2bACMbANy7t7CMgwT2EhcidyFADK!
[2000-01-01T00:03:35Z TRACE earendil::daemon::gossip] gossiping with random neighbor 2bACMbANy7t7CMgwT2EhcidyFADK
[2000-01-01T00:03:35Z DEBUG earendil::daemon::gossip] asking 2bACMbANy7t7CMgwT2EhcidyFADK for neighbors of 489HfqWo5Uivgm4xdFy7s2eDMhwW!
[2000-01-01T00:03:36Z TRACE earendil::daemon::gossip] gossiping with random neighbor 2jZTg8pSZfAYEU4uPeT44tj6AP9G
[2000-01-01T00:03:36Z DEBUG earendil::daemon::gossip] asking 2jZTg8pSZfAYEU4uPeT44tj6AP9G for neighbors of 489HfqWo5Uivgm4xdFy7s2eDMhwW!
[2000-01-01T00:03:37Z TRACE earendil::daemon::gossip] gossiping with random neighbor 2jZTg8pSZfAYEU4uPeT44tj6AP9G
[2000-01-01T00:03:37Z DEBUG earendil::daemon::gossip] asking 2jZTg8pSZfAYEU4uPeT44tj6AP9G for neighbors of 489HfqWo5Uivgm4xdFy7s2eDMhwW!
[2000-01-01T00:03:38Z TRACE earendil::daemon::gossip] gossiping with random neighbor 2bACMbANy7t7CMgwT2EhcidyFADK
[2000-01-01T00:03:38Z DEBUG earendil::daemon::gossip] asking 2bACMbANy7t7CMgwT2EhcidyFADK for neighbors of 489HfqWo5Uivgm4xdFy7s2eDMhwW!
[2000-01-01T00:03:39Z TRACE earendil::daemon::gossip] gossiping with random neighbor 2jZTg8pSZfAYEU4uPeT44tj6AP9G
[2000-01-01T00:03:39Z DEBUG earendil::daemon::gossip] asking 2jZTg8pSZfAYEU4uPeT44tj6AP9G for neighbors of 2jZTg8pSZfAYEU4uPeT44tj6AP9G!
[2000-01-01T00:03:40Z TRACE earendil::daemon::gossip] gossiping with random neighbor 2jZTg8pSZfAYEU4uPeT44tj6AP9G
[2000-01-01T00:03:40Z DEBUG earendil::daemon::gossip] asking 2jZTg8pSZfAYEU4uPeT44tj6AP9G for neighbors of 2jZTg8pSZfAYEU4uPeT44tj6AP9G!
[2000-01-01T00:03:41Z TRACE earendil::daemon::gossip] gossiping with random neighbor 2bACMbANy7t7CMgwT2EhcidyFADK
[2000-01-01T00:03:41Z DEBUG earendil::daemon::gossip] asking 2bACMbANy7t7CMgwT2EhcidyFADK for neighbors of 2bACMbANy7t7CMgwT2EhcidyFADK!
[2000-01-01T00:03:42Z TRACE earendil::daemon::gossip] gossiping with random neighbor 2jZTg8pSZfAYEU4uPeT44tj6AP9G
[2000-01-01T00:03:42Z DEBUG earendil::daemon::gossip] asking 2jZTg8pSZfAYEU4uPeT44tj6AP9G for neighbors of 2jZTg8pSZfAYEU4uPeT44tj6AP9G!
[2000-01-01T00:03:43Z TRACE earendil::daemon::gossip] gossiping with random neighbor 2jZTg8pSZfAYEU4uPeT44tj6AP9G
[2000-01-01T00:03:43Z DEBUG earendil::daemon::gossip] asking 2jZTg8pSZfAYEU4uPeT44tj6AP9G for neighbors of 2jZTg8pSZfAYEU4uPeT44tj6AP9G!
[2000-01-01T00:03:44Z TRACE earendil::daemon::gossip] gossiping with random neighbor 2bACMbANy7t7CMgwT2EhcidyFADK
[2000-01-01T00:03:44Z DEBUG earendil::daemon::gossip] asking 2bACMbANy7t7CMgwT2EhcidyFADK for neighbors of 2jZTg8pSZfAYEU4uPeT44tj6AP9G!
[2000-01-01T00:03:45Z TRACE earendil::daemon::gossip] gossiping with random neighbor 2jZTg8pSZfAYEU4uPeT44tj6AP9G
[2000-01-01T00:03:45Z DEBUG earendil::daemon::gossip] asking 2jZTg8pSZfAYEU4uPeT44tj6AP9G for neighbors of 489HfqWo5Uivgm4xdFy7s2eDMhwW!
[2000-01-01T00:03:46Z TRACE earendil::daemon::gossip] gossiping with random neighbor 2jZTg8pSZfAYEU4uPeT44tj6AP9G
[2000-01-01T00:03:46Z DEBUG earendil::daemon::gossip] asking 2jZTg8pSZfAYEU4uPeT44tj6AP9G for neighbors of 2bACMbANy7t7CMgwT2EhcidyFADK!
[2000-01-01T00:03:47Z TRACE earendil::daemon::gossip] gossiping with random neighbor 2bACMbANy7t7CMgwT2EhcidyFADK
[2000-01-01T00:03:47Z DEBUG earendil::daemon::gossip] asking 2bACMbANy7t7CMgwT2EhcidyFADK for neighbors of 2jZTg8pSZfAYEU4uPeT44tj6AP9G!
[2000-01-01T00:03:48Z TRACE earendil::daemon::gossip] gossiping with random neighbor 2jZTg8pSZfAYEU4uPeT44tj6AP9G
[2000-01-01T00:03:48Z DEBUG earendil::daemon::gossip] asking 2jZTg8pSZfAYEU4uPeT44tj6AP9G for neighbors of 2bACMbANy7t7CMgwT2EhcidyFADK!
[2000-01-01T00:03:49Z TRACE earendil::daemon::gossip] gossiping with random neighbor 2bACMbANy7t7CMgwT2EhcidyFADK
[2000-01-01T00:03:49Z DEBUG earendil::daemon::gossip] asking 2bACMbANy7t7CMgwT2EhcidyFADK for neighbors of 2jZTg8pSZfAYEU4uPeT44tj6AP9G!
[2000-01-01T00:03:50Z TRACE earendil::daemon::gossip] gossiping with random neighbor 2jZTg8pSZfAYEU4uPeT44tj6AP9G
[2000-01-01T00:03:50Z DEBUG earendil::daemon::gossip] asking 2jZTg8pSZfAYEU4uPeT44tj6AP9G for neighbors of 489HfqWo5Uivgm4xdFy7s2eDMhwW!
[2000-01-01T00:03:51Z TRACE earendil::daemon::gossip] gossiping with random neighbor 2jZTg8pSZfAYEU4uPeT44tj6AP9G
[2000-01-01T00:03:51Z DEBUG earendil::daemon::gossip] asking 2jZTg8pSZfAYEU4uPeT44tj6AP9G for neighbors of 489HfqWo5Uivgm4xdFy7s2eDMhwW!
[2000-01-01T00:03:52Z TRACE earendil::daemon::gossip] gossiping with random neighbor 2jZTg8pSZfAYEU4uPeT44tj6AP9G
[2000-01-01T00:03:52Z DEBUG earendil::daemon::gossip] asking 2jZTg8pSZfAYEU4uPeT44tj6AP9G for neighbors of 489HfqWo5Uivgm4xdFy7s2eDMhwW!
[2000-01-01T00:03:53Z TRACE earendil::daemon::gossip] gossiping with random neighbor 2bACMbANy7t7CMgwT2EhcidyFADK
[2000-01-01T00:03:53Z DEBUG earendil::daemon::gossip] asking 2bACMbANy7t7CMgwT2EhcidyFADK for neighbors of 489HfqWo5Uivgm4xdFy7s2eDMhwW!
[2000-01-01T00:03:54Z TRACE earendil::daemon::gossip] gossiping with random neighbor 2bACMbANy7t7CMgwT2EhcidyFADK
[2000-01-01T00:03:54Z DEBUG earendil::daemon::gossip] asking 2bACMbANy7t7CMgwT2EhcidyFADK for neighbors of 489HfqWo5Uivgm4xdFy7s2eDMhwW!
[2000-01-01T00:03:55Z TRACE earendil::daemon::gossip] gossiping with random neighbor 2bACMbANy7t7CMgwT2EhcidyFADK
[2000-01-01T00:03:55Z DEBUG earendil::daemon::gossip] asking 2bACMbANy7t7CMgwT2EhcidyFADK for neighbors of 2jZTg8pSZfAYEU4uPeT44tj6AP9G!
[2000-01-01T00:03:56Z TRACE earendil::daemon::gossip] gossiping with random neighbor 2bACMbANy7t7CMgwT2EhcidyFADK
[2000-01-01T00:03:56Z DEBUG earendil::daemon::gossip] asking 2bACMbANy7t7CMgwT2EhcidyFADK for neighbors of 2bACMbANy7t7CMgwT2EhcidyFADK!
[2000-01-01T00:03:57Z TRACE earendil::daemon::gossip] gossiping with random neighbor 2jZTg8pSZfAYEU4uPeT44tj6AP9G
[2000-01-01T00:03:57Z DEBUG earendil::daemon::gossip] asking 2jZTg8pSZfAYEU4uPeT44tj6AP9G for neighbors of 489HfqWo5Uivgm4xdFy7s2eDMhwW!
[2000-01-01T00:03:58Z TRACE earendil::daemon::gossip] gossiping with random neighbor 2bACMbANy7t7CMgwT2EhcidyFADK
[2000-01-01T00:03:58Z DEBUG earendil::daemon::gossip] asking 2bACMbANy7t7CMgwT2EhcidyFADK for neighbors of 489HfqWo5Uivgm4xdFy7s2eDMhwW!
[2000-01-01T00:03:59Z TRACE earendil::daemon::gossip] gossiping with random neighbor 2bACMbANy7t7CMgwT2EhcidyFADK
[2000-01-01T00:03:59Z DEBUG earendil::daemon::gossip] asking 2bACMbANy7t7CMgwT2EhcidyFADK for neighbors of 489HfqWo5Uivgm4xdFy7s2eDMhwW!
[2000-01-01T00:04:00Z DEBUG earendil::daemon::inout_route] obfsudp out_route neighbor trying...
[2000-01-01T00:04:00Z DEBUG earendil::daemon::inout_route] obfsudp out_route neighbor trying...
[2000-01-01T00:04:00Z TRACE earendil::daemon::gossip] gossiping with random neighbor 2bACMbANy7t7CMgwT2EhcidyFADK
[2000-01-01T00:04:00Z DEBUG earendil::daemon::gossip] asking 2bACMbANy7t7CMgwT2EhcidyFADK for neighbors of 489HfqWo5Uivgm4xdFy7s2eDMhwW!
[2000-01-01T00:04:00Z DEBUG earendil::daemon::inout_route] obfsudp out_route neighbor pipe connected...
[2000-01-01T00:04:01Z TRACE earendil::daemon::gossip] gossiping with random neighbor 2jZTg8pSZfAYEU4uPeT44tj6AP9G
[2000-01-01T00:04:01Z DEBUG earendil::daemon::gossip] asking 2jZTg8pSZfAYEU4uPeT44tj6AP9G for neighbors of 2bACMbANy7t7CMgwT2EhcidyFADK!
[2000-01-01T00:04:01Z DEBUG earendil::daemon::inout_route] obfsudp out_route neighbor successful
[2000-01-01T00:04:02Z TRACE earendil::daemon::gossip] gossiping with random neighbor 2jZTg8pSZfAYEU4uPeT44tj6AP9G
[2000-01-01T00:04:02Z DEBUG earendil::daemon::gossip] asking 2jZTg8pSZfAYEU4uPeT44tj6AP9G for neighbors of 489HfqWo5Uivgm4xdFy7s2eDMhwW!
[2000-01-01T00:04:03Z TRACE earendil::daemon::gossip] gossiping with random neighbor 2bACMbANy7t7CMgwT2EhcidyFADK
[2000-01-01T00:04:03Z DEBUG earendil::daemon::gossip] asking 2bACMbANy7t7CMgwT2EhcidyFADK for neighbors of 489HfqWo5Uivgm4xdFy7s2eDMhwW!
[2000-01-01T00:04:04Z TRACE earendil::daemon::gossip] gossiping with random neighbor 2bACMbANy7t7CMgwT2EhcidyFADK
[2000-01-01T00:04:04Z DEBUG earendil::daemon::gossip] asking 2bACMbANy7t7CMgwT2EhcidyFADK for neighbors of 489HfqWo5Uivgm4xdFy7s2eDMhwW!
[2000-01-01T00:04:05Z TRACE earendil::daemon::gossip] gossiping with random neighbor 2jZTg8pSZfAYEU4uPeT44tj6AP9G
[2000-01-01T00:04:05Z DEBUG earendil::daemon::gossip] asking 2jZTg8pSZfAYEU4uPeT44tj6AP9G for neighbors of 2bACMbANy7t7CMgwT2EhcidyFADK!
[2000-01-01T00:04:06Z TRACE earendil::daemon::gossip] gossiping with random neighbor 2bACMbANy7t7CMgwT2EhcidyFADK
[2000-01-01T00:04:06Z DEBUG earendil::daemon::gossip] asking 2bACMbANy7t7CMgwT2EhcidyFADK for neighbors of 489HfqWo5Uivgm4xdFy7s2eDMhwW!
[2000-01-01T00:04:07Z TRACE earendil::daemon::gossip] gossiping with random neighbor 2jZTg8pSZfAYEU4uPeT44tj6AP9G
[2000-01-01T00:04:07Z DEBUG earendil::daemon::gossip] asking 2jZTg8pSZfAYEU4uPeT44tj6AP9G for neighbors of 2jZTg8pSZfAYEU4uPeT44tj6AP9G!
[2000-01-01T00:04:08Z TRACE earendil::daemon::gossip] gossiping with random neighbor 2jZTg8pSZfAYEU4uPeT44tj6AP9G
[2000-01-01T00:04:08Z DEBUG earendil::daemon::gossip] asking 2jZTg8pSZfAYEU4uPeT44tj6AP9G for neighbors of 2jZTg8pSZfAYEU4uPeT44tj6AP9G!
[2000-01-01T00:04:09Z TRACE earendil::daemon::gossip] gossiping with random neighbor 2bACMbANy7t7CMgwT2EhcidyFADK
[2000-01-01T00:04:09Z DEBUG earendil::daemon::gossip] asking 2bACMbANy7t7CMgwT2EhcidyFADK for neighbors of 2jZTg8pSZfAYEU4uPeT44tj6AP9G!
[2000-01-01T00:04:10Z TRACE earendil::daemon::gossip] gossiping with random neighbor 2bACMbANy7t7CMgwT2EhcidyFADK
[2000-01-01T00:04:10Z DEBUG earendil::daemon::gossip] asking 2bACMbANy7t7CMgwT2EhcidyFADK for neighbors of 489HfqWo5Uivgm4xdFy7s2eDMhwW!
[2000-01-01T00:04:11Z TRACE earendil::daemon::gossip] gossiping with random neighbor 2jZTg8pSZfAYEU4uPeT44tj6AP9G
[2000-01-01T00:04:11Z DEBUG earendil::daemon::gossip] asking 2jZTg8pSZfAYEU4uPeT44tj6AP9G for neighbors of 2jZTg8pSZfAYEU4uPeT44tj6AP9G!
[2000-01-01T00:04:11Z DEBUG earendil::daemon::inout_route] obfsudp in_route main_udp accepted 2jZTg8pSZfAYEU4uPeT44tj6AP9G
[2000-01-01T00:04:12Z TRACE earendil::daemon::gossip] gossiping with random neighbor 2jZTg8pSZfAYEU4uPeT44tj6AP9G
[2000-01-01T00:04:12Z DEBUG earendil::daemon::gossip] asking 2jZTg8pSZfAYEU4uPeT44tj6AP9G for neighbors of 2bACMbANy7t7CMgwT2EhcidyFADK!
[2000-01-01T00:04:13Z TRACE earendil::daemon::gossip] gossiping with random neighbor 2jZTg8pSZfAYEU4uPeT44tj6AP9G
[2000-01-01T00:04:13Z DEBUG earendil::daemon::gossip] asking 2jZTg8pSZfAYEU4uPeT44tj6AP9G for neighbors of 2bACMbANy7t7CMgwT2EhcidyFADK!
[2000-01-01T00:04:14Z TRACE earendil::daemon::gossip] gossiping with random neighbor 2jZTg8pSZfAYEU4uPeT44tj6AP9G
[2000-01-01T00:04:14Z DEBUG earendil::daemon::gossip] asking 2jZTg8pSZfAYEU4uPeT44tj6AP9G for neighbors of 2bACMbANy7t7CMgwT2EhcidyFADK!
[2000-01-01T00:04:15Z TRACE earendil::daemon::gossip] gossiping with random neighbor 2bACMbANy7t7CMgwT2EhcidyFADK
[2000-01-01T00:04:15Z DEBUG earendil::daemon::gossip] asking 2bACMbANy7t7CMgwT2EhcidyFADK for neighbors of 2jZTg8pSZfAYEU4uPeT44tj6AP9G!
[2000-01-01T00:04:16Z TRACE earendil::daemon::gossip] gossiping with random neighbor 2bACMbANy7t7CMgwT2EhcidyFADK
[2000-01-01T00:04:16Z DEBUG earendil::daemon::gossip] asking 2bACMbANy7t7CMgwT2EhcidyFADK for neighbors of 2jZTg8pSZfAYEU4uPeT44tj6AP9G!
[2000-01-01T00:04:17Z TRACE earendil::daemon::gossip] gossiping with random neighbor 2jZTg8pSZfAYEU4uPeT44tj6AP9G
[2000-01-01T00:04:17Z DEBUG earendil::daemon::gossip] asking 2jZTg8pSZfAYEU4uPeT44tj6AP9G for neighbors of 2bACMbANy7t7CMgwT2EhcidyFADK!
[2000-01-01T00:04:18Z TRACE earendil::daemon::gossip] gossiping with random neighbor 2jZTg8pSZfAYEU4uPeT44tj6AP9G
[2000-01-01T00:04:18Z DEBUG earendil::daemon::gossip] asking 2jZTg8pSZfAYEU4uPeT44tj6AP9G for neighbors of 489HfqWo5Uivgm4xdFy7s2eDMhwW!
[2000-01-01T00:04:19Z TRACE earendil::daemon::gossip] gossiping with random neighbor 2bACMbANy7t7CMgwT2EhcidyFADK
[2000-01-01T00:04:19Z DEBUG earendil::daemon::gossip] asking 2bACMbANy7t7CMgwT2EhcidyFADK for neighbors of 2bACMbANy7t7CMgwT2EhcidyFADK!
[2000-01-01T00:04:20Z TRACE earendil::daemon::gossip] gossiping with random neighbor 2bACMbANy7t7CMgwT2EhcidyFADK
[2000-01-01T00:04:20Z DEBUG earendil::daemon::gossip] asking 2bACMbANy7t7CMgwT2EhcidyFADK for neighbors of 2bACMbANy7t7CMgwT2EhcidyFADK!
[2000-01-01T00:04:21Z TRACE earendil::daemon::gossip] gossiping with random neighbor 2jZTg8pSZfAYEU4uPeT44tj6AP9G
[2000-01-01T00:04:21Z DEBUG earendil::daemon::gossip] asking 2jZTg8pSZfAYEU4uPeT44tj6AP9G for neighbors of 2bACMbANy7t7CMgwT2EhcidyFADK!
[2000-01-01T00:04:22Z TRACE earendil::daemon::gossip] gossiping with random neighbor 2bACMbANy7t7CMgwT2EhcidyFADK
[2000-01-01T00:04:22Z DEBUG earendil::daemon::gossip] asking 2bACMbANy7t7CMgwT2EhcidyFADK for neighbors of 489HfqWo5Uivgm4xdFy7s2eDMhwW!
[2000-01-01T00:04:23Z TRACE earendil::daemon::gossip] gossiping with random neighbor 2bACMbANy7t7CMgwT2EhcidyFADK
[2000-01-01T00:04:23Z DEBUG earendil::daemon::gossip] asking 2bACMbANy7t7CMgwT2EhcidyFADK for neighbors of 2bACMbANy7t7CMgwT2EhcidyFADK!
[2000-01-01T00:04:24Z TRACE earendil::daemon::gossip] gossiping with random neighbor 2bACMbANy7t7CMgwT2EhcidyFADK
[2000-01-01T00:04:24Z DEBUG earendil::daemon::gossip] asking 2bACMbANy7t7CMgwT2EhcidyFADK for neighbors of 2jZTg8pSZfAYEU4uPeT44tj6AP9G!
[2000-01-01T00:04:25Z TRACE earendil::daemon::gossip] gossiping with random neighbor 2bACMbANy7t7CMgwT2EhcidyFADK
[2000-01-01T00:04:25Z DEBUG earendil::daemon::gossip] asking 2bACMbANy7t7CMgwT2EhcidyFADK for neighbors of 2jZTg8pSZfAYEU4uPeT44tj6AP9G!
[2000-01-01T00:04:26Z TRACE earendil::daemon::gossip] gossiping with random neighbor 2jZTg8pSZfAYEU4uPeT44tj6AP9G
[2000-01-01T00:04:26Z DEBUG earendil::daemon::gossip] asking 2jZTg8pSZfAYEU4uPeT44tj6AP9G for neighbors of 2bACMbANy7t7CMgwT2EhcidyFADK!
[2000-01-01T00:04:27Z TRACE earendil::daemon::gossip] gossiping with random neighbor 2jZTg8pSZfAYEU4uPeT44tj6AP9G
[2000-01-01T00:04:27Z DEBUG earendil::daemon::gossip] asking 2jZTg8pSZfAYEU4uPeT44tj6AP9G for neighbors of 489HfqWo5Uivgm4xdFy7s2eDMhwW!
[2000-01-01T00:04:28Z TRACE earendil::daemon::gossip] gossiping with random neighbor 2jZTg8pSZfAYEU4uPeT44tj6AP9G
[2000-01-01T00:04:28Z DEBUG earendil::daemon::gossip] asking 2jZTg8pSZfAYEU4uPeT44tj6AP9G for neighbors of 2jZTg8pSZfAYEU4uPeT44tj6AP9G!
[2000-01-01T00:04:29Z TRACE earendil::daemon::gossip] gossiping with random neighbor 2bACMbANy7t7CMgwT2EhcidyFADK
[2000-01-01T00:04:29Z DEBUG earendil::daemon::gossip] asking 2bACMbANy7t7CMgwT2EhcidyFADK for neighbors of 489HfqWo5Uivgm4xdFy7s2eDMhwW!
[2000-01-01T00:04:30Z TRACE earendil::daemon::gossip] gossiping with random neighbor 2jZTg8pSZfAYEU4uPeT44tj6AP9G
[2000-01-01T00:04:30Z DEBUG earendil::daemon::gossip] asking 2jZTg8pSZfAYEU4uPeT44tj6AP9G for neighbors of 489HfqWo5Uivgm4xdFy7s2eDMhwW!
[2000-01-01T00:04:31Z TRACE earendil::daemon::gossip] gossiping with random neighbor 2jZTg8pSZfAYEU4uPeT44tj6AP9G
[2000-01-01T00:04:31Z DEBUG earendil::daemon::gossip] asking 2jZTg8pSZfAYEU4uPeT44tj6AP9G for neighbors of 489HfqWo5Uivgm4xdFy7s2eDMhwW!
[2000-01-01T00:04:32Z TRACE earendil::daemon::gossip] gossiping with random neighbor 2jZTg8pSZfAYEU4uPeT44tj6AP9G
[2000-01-01T00:04:32Z DEBUG earendil::daemon::gossip] asking 2jZTg8pSZfAYEU4uPeT44tj6AP9G for neighbors of 2jZTg8pSZfAYEU4uPeT44tj6AP9G!
[2000-01-01T00:04:33Z TRACE earendil::daemon::gossip] gossiping with random neighbor 2bACMbANy7t7CMgwT2EhcidyFADK
[2000-01-01T00:04:33Z DEBUG earendil::daemon::gossip] asking 2bACMbANy7t7CMgwT2EhcidyFADK for neighbors of 489HfqWo5Uivgm4xdFy7s2eDMhwW!
[2000-01-01T00:04:34Z TRACE earendil::daemon::gossip] gossiping with random neighbor 2jZTg8pSZfAYEU4uPeT44tj6AP9G
[2000-01-01T00:04:34Z DEBUG earendil::daemon::gossip] asking 2jZTg8pSZfAYEU4uPeT44tj6AP9G for neighbors of 489HfqWo5Uivgm4xdFy7s2eDMhwW!
[2000-01-01T00:04:35Z TRACE earendil::daemon::gossip] gossiping with random neighbor 2jZTg8pSZfAYEU4uPeT44tj6AP9G
[2000-01-01T00:04:35Z DEBUG earendil::daemon::gossip] asking 2jZTg8pSZfAYEU4uPeT44tj6AP9G for neighbors of 489HfqWo5Uivgm4xdFy7s2eDMhwW!
[2000-01-01T00:04:36Z TRACE earendil::daemon::gossip] gossiping with random neighbor 2bACMbANy7t7CMgwT2EhcidyFADK
[2000-01-01T00:04:36Z DEBUG earendil::daemon::gossip] asking 2bACMbANy7t7CMgwT2EhcidyFADK for neighbors of 489HfqWo5Uivgm4xdFy7s2eDMhwW!
[2000-01-01T00:04:37Z TRACE earendil::daemon::gossip] gossiping with random neighbor 2bACMbANy7t7CMgwT2EhcidyFADK
[2000-01-01T00:04:37Z DEBUG earendil::daemon::gossip] asking 2bACMbANy7t7CMgwT2EhcidyFADK for neighbors of 2jZTg8pSZfAYEU4uPeT44tj6AP9G!
[2000-01-01T00:04:38Z TRACE earendil::daemon::gossip] gossiping with random neighbor 2bACMbANy7t7CMgwT2EhcidyFADK
[2000-01-01T00:04:38Z DEBUG earendil::daemon::gossip] asking 2bACMbANy7t7CMgwT2EhcidyFADK for neighbors of 2jZTg8pSZfAYEU4uPeT44tj6AP9G!
[2000-01-01T00:04:39Z TRACE earendil::daemon::gossip] gossiping with random neighbor 2bACMbANy7t7CMgwT2EhcidyFADK
[2000-01-01T00:04:39Z DEBUG earendil::daemon::gossip] asking 2bACMbANy7t7CMgwT2EhcidyFADK for neighbors of 489HfqWo5Uivgm4xdFy7s2eDMhwW!
[2000-01-01T00:04:40Z TRACE earendil::daemon::gossip] gossiping with random neighbor 2bACMbANy7t7CMgwT2EhcidyFADK
[2000-01-01T00:04:40Z DEBUG earendil::daemon::gossip] asking 2bACMbANy7t7CMgwT2EhcidyFADK for neighbors of 2bACMbANy7t7CMgwT2EhcidyFADK!
[2000-01-01T00:04:41Z TRACE earendil::daemon::gossip] gossiping with random neighbor 2jZTg8pSZfAYEU4uPeT44tj6AP9G
[2000-01-01T00:04:41Z DEBUG earendil::daemon::gossip] asking 2jZTg8pSZfAYEU4uPeT44tj6AP9G for neighbors of 489HfqWo5Uivgm4xdFy7s2eDMhwW!
[2000-01-01T00:04:42Z TRACE earendil::daemon::gossip] gossiping with random neighbor 2bACMbANy7t7CMgwT2EhcidyFADK
[2000-01-01T00:04:42Z DEBUG earendil::daemon::gossip] asking 2bACMbANy7t7CMgwT2EhcidyFADK for neighbors of 2bACMbANy7t7CMgwT2EhcidyFADK!
[2000-01-01T00:04:43Z TRACE earendil::daemon::gossip] gossiping with random neighbor 2bACMbANy7t7CMgwT2EhcidyFADK
[2000-01-01T00:04:43Z DEBUG earendil::daemon::gossip] asking 2bACMbANy7t7CMgwT2EhcidyFADK for neighbors of 489HfqWo5Uivgm4xdFy7s2eDMhwW!
[2000-01-01T00:04:44Z TRACE earendil::daemon::gossip] gossiping with random neighbor 2bACMbANy7t7CMgwT2EhcidyFADK
[2000-01-01T00:04:44Z DEBUG earendil::daemon::gossip] asking 2bACMbANy7t7CMgwT2EhcidyFADK for neighbors of 2bACMbANy7t7CMgwT2EhcidyFADK!
[2000-01-01T00:04:45Z TRACE earendil::daemon::gossip] gossiping with random neighbor 2bACMbANy7t7CMgwT2EhcidyFADK
[2000-01-01T00:04:45Z DEBUG earendil::daemon::gossip] asking 2bACMbANy7t7CMgwT2EhcidyFADK for neighbors of 489HfqWo5Uivgm4xdFy7s2eDMhwW!
[2000-01-01T00:04:46Z TRACE earendil::daemon::gossip] gossiping with random neighbor 2bACMbANy7t7CMgwT2EhcidyFADK
[2000-01-01T00:04:46Z DEBUG earendil::daemon::gossip] asking 2bACMbANy7t7CMgwT2EhcidyFADK for neighbors of 489HfqWo5Uivgm4xdFy7s2eDMhwW!
[2000-01-01T00:04:47Z TRACE earendil::daemon::gossip] gossiping with random neighbor 2bACMbANy7t7CMgwT2EhcidyFADK
[2000-01-01T00:04:47Z DEBUG earendil::daemon::gossip] asking 2bACMbANy7t7CMgwT2EhcidyFADK for neighbors of 2jZTg8pSZfAYEU4uPeT44tj6AP9G!
[2000-01-01T00:04:48Z TRACE earendil::daemon::gossip] gossiping with random neighbor 2jZTg8pSZfAYEU4uPeT44tj6AP9G
[2000-01-01T00:04:48Z DEBUG earendil::daemon::gossip] asking 2jZTg8pSZfAYEU4uPeT44tj6AP9G for neighbors of 489HfqWo5Uivgm4xdFy7s2eDMhwW!
[2000-01-01T00:04:49Z TRACE earendil::daemon::gossip] gossiping with random neighbor 2bACMbANy7t7CMgwT2EhcidyFADK
[2000-01-01T00:04:49Z DEBUG earendil::daemon::gossip] asking 2bACMbANy7t7CMgwT2EhcidyFADK for neighbors of 489HfqWo5Uivgm4xdFy7s2eDMhwW!
[2000-01-01T00:04:50Z TRACE earendil::daemon::gossip] gossiping with random neighbor 2jZTg8pSZfAYEU4uPeT44tj6AP9G
[2000-01-01T00:04:50Z DEBUG earendil::daemon::gossip] asking 2jZTg8pSZfAYEU4uPeT44tj6AP9G for neighbors of 489HfqWo5Uivgm4xdFy7s2eDMhwW!
[2000-01-01T00:04:51Z TRACE earendil::daemon::gossip] gossiping with random neighbor 2bACMbANy7t7CMgwT2EhcidyFADK
[2000-01-01T00:04:51Z DEBUG earendil::daemon::gossip] asking 2bACMbANy7t7CMgwT2EhcidyFADK for neighbors of 489HfqWo5Uivgm4xdFy7s2eDMhwW!
[2000-01-01T00:04:52Z TRACE earendil::daemon::gossip] gossiping with random neighbor 2jZTg8pSZfAYEU4uPeT44tj6AP9G
[2000-01-01T00:04:52Z DEBUG earendil::daemon::gossip] asking 2jZTg8pSZfAYEU4uPeT44tj6AP9G for neighbors of 2bACMbANy7t7CMgwT2EhcidyFADK!
[2000-01-01T00:04:53Z TRACE earendil::daemon::gossip] gossiping with random neighbor 2jZTg8pSZfAYEU4uPeT44tj6AP9G
[2000-01-01T00:04:53Z DEBUG earendil::daemon::gossip] asking 2jZTg8pSZfAYEU4uPeT44tj6AP9G for neighbors of 2jZTg8pSZfAYEU4uPeT44tj6AP9G!
[2000-01-01T00:04:54Z TRACE earendil::daemon::gossip] gossiping with random neighbor 2jZTg8pSZfAYEU4uPeT44tj6AP9G
[2000-01-01T00:04:54Z DEBUG earendil::daemon::gossip] asking 2jZTg8pSZfAYEU4uPeT44tj6AP9G for neighbors of 2jZTg8pSZfAYEU4uPeT44tj6AP9G!
[2000-01-01T00:04:55Z TRACE earendil::daemon::gossip] gossiping with random neighbor 2jZTg8pSZfAYEU4uPeT44tj6AP9G
[2000-01-01T00:04:55Z DEBUG earendil::daemon::gossip] asking 2jZTg8pSZfAYEU4uPeT44tj6AP9G for neighbors of 489HfqWo5Uivgm4xdFy7s2eDMhwW!
[2000-01-01T00:04:56Z TRACE earendil::daemon::gossip] gossiping with random neighbor 2jZTg8pSZfAYEU4uPeT44tj6AP9G
[2000-01-01T00:04:56Z DEBUG earendil::daemon::gossip] asking 2jZTg8pSZfAYEU4uPeT44tj6AP9G for neighbors of 489HfqWo5Uivgm4xdFy7s2eDMhwW!
[2000-01-01T00:04:57Z TRACE earendil::daemon::gossip] gossiping with random neighbor 2bACMbANy7t7CMgwT2EhcidyFADK
[2000-01-01T00:04:57Z DEBUG earendil::daemon::gossip] asking 2bACMbANy7t7CMgwT2EhcidyFADK for neighbors of 489HfqWo5Uivgm4xdFy7s2eDMhwW!
[2000-01-01T00:04:58Z TRACE earendil::daemon::gossip] gossiping with random neighbor 2jZTg8pSZfAYEU4uPeT44tj6AP9G
[2000-01-01T00:04:58Z DEBUG earendil::daemon::gossip] asking 2jZTg8pSZfAYEU4uPeT44tj6AP9G for neighbors of 2bACMbANy7t7CMgwT2EhcidyFADK!
[2000-01-01T00:04:59Z TRACE earendil::daemon::gossip] gossiping with random neighbor 2bACMbANy7t7CMgwT2EhcidyFADK
[2000-01-01T00:04:59Z DEBUG earendil::daemon::gossip] asking 2bACMbANy7t7CMgwT2EhcidyFADK for neighbors of 489HfqWo5Uivgm4xdFy7s2eDMhwW!
